2026-01-08T22:58:16.968542Z  INFO tailwindcss_oxide::scanner: Provided sources:
2026-01-08T22:58:16.968854Z  INFO tailwindcss_oxide::scanner: Source: PublicSourceEntry { base: "D:/VS Code/Peixeiro Raiz/client", pattern: "**/*", negated: false }
2026-01-08T22:58:16.974474Z  INFO tailwindcss_oxide::scanner: Optimized sources:
2026-01-08T22:58:16.974489Z  INFO tailwindcss_oxide::scanner: Source: Auto { base: "D:\\VS Code\\Peixeiro Raiz\\client" }
2026-01-08T22:58:16.975963Z  INFO scan_sources: tailwindcss_oxide::scanner: enter
2026-01-08T22:58:16.976791Z  INFO scan_sources: tailwindcss_oxide::scanner: Discovering "D:\\VS Code\\Peixeiro Raiz\\client\\index.html"
2026-01-08T22:58:16.976874Z  INFO scan_sources: tailwindcss_oxide::scanner: Discovering "D:\\VS Code\\Peixeiro Raiz\\client\\public"
2026-01-08T22:58:16.977337Z  INFO scan_sources: tailwindcss_oxide::scanner: Discovering "D:\\VS Code\\Peixeiro Raiz\\client\\src"
2026-01-08T22:58:16.977421Z  INFO scan_sources: tailwindcss_oxide::scanner: Discovering "D:\\VS Code\\Peixeiro Raiz\\client\\src\\App.tsx"
2026-01-08T22:58:16.977478Z  INFO scan_sources: tailwindcss_oxide::scanner: Discovering "D:\\VS Code\\Peixeiro Raiz\\client\\src\\components"
2026-01-08T22:58:16.977556Z  INFO scan_sources: tailwindcss_oxide::scanner: Discovering "D:\\VS Code\\Peixeiro Raiz\\client\\src\\components\\error-boundary.tsx"
2026-01-08T22:58:16.977596Z  INFO scan_sources: tailwindcss_oxide::scanner: Discovering "D:\\VS Code\\Peixeiro Raiz\\client\\src\\components\\layout.tsx"
2026-01-08T22:58:16.977634Z  INFO scan_sources: tailwindcss_oxide::scanner: Discovering "D:\\VS Code\\Peixeiro Raiz\\client\\src\\components\\protected-route.tsx"
2026-01-08T22:58:16.977696Z  INFO scan_sources: tailwindcss_oxide::scanner: Discovering "D:\\VS Code\\Peixeiro Raiz\\client\\src\\components\\ui"
2026-01-08T22:58:16.977799Z  INFO scan_sources: tailwindcss_oxide::scanner: Discovering "D:\\VS Code\\Peixeiro Raiz\\client\\src\\components\\ui\\accordion.tsx"
2026-01-08T22:58:16.977837Z  INFO scan_sources: tailwindcss_oxide::scanner: Discovering "D:\\VS Code\\Peixeiro Raiz\\client\\src\\components\\ui\\alert-dialog.tsx"
2026-01-08T22:58:16.977876Z  INFO scan_sources: tailwindcss_oxide::scanner: Discovering "D:\\VS Code\\Peixeiro Raiz\\client\\src\\components\\ui\\alert.tsx"
2026-01-08T22:58:16.977914Z  INFO scan_sources: tailwindcss_oxide::scanner: Discovering "D:\\VS Code\\Peixeiro Raiz\\client\\src\\components\\ui\\aspect-ratio.tsx"
2026-01-08T22:58:16.977951Z  INFO scan_sources: tailwindcss_oxide::scanner: Discovering "D:\\VS Code\\Peixeiro Raiz\\client\\src\\components\\ui\\avatar.tsx"
2026-01-08T22:58:16.977989Z  INFO scan_sources: tailwindcss_oxide::scanner: Discovering "D:\\VS Code\\Peixeiro Raiz\\client\\src\\components\\ui\\badge.tsx"
2026-01-08T22:58:16.978026Z  INFO scan_sources: tailwindcss_oxide::scanner: Discovering "D:\\VS Code\\Peixeiro Raiz\\client\\src\\components\\ui\\breadcrumb.tsx"
2026-01-08T22:58:16.978062Z  INFO scan_sources: tailwindcss_oxide::scanner: Discovering "D:\\VS Code\\Peixeiro Raiz\\client\\src\\components\\ui\\button-group.tsx"
2026-01-08T22:58:16.978098Z  INFO scan_sources: tailwindcss_oxide::scanner: Discovering "D:\\VS Code\\Peixeiro Raiz\\client\\src\\components\\ui\\button.tsx"
2026-01-08T22:58:16.978137Z  INFO scan_sources: tailwindcss_oxide::scanner: Discovering "D:\\VS Code\\Peixeiro Raiz\\client\\src\\components\\ui\\calendar.tsx"
2026-01-08T22:58:16.978175Z  INFO scan_sources: tailwindcss_oxide::scanner: Discovering "D:\\VS Code\\Peixeiro Raiz\\client\\src\\components\\ui\\card.tsx"
2026-01-08T22:58:16.978211Z  INFO scan_sources: tailwindcss_oxide::scanner: Discovering "D:\\VS Code\\Peixeiro Raiz\\client\\src\\components\\ui\\carousel.tsx"
2026-01-08T22:58:16.978248Z  INFO scan_sources: tailwindcss_oxide::scanner: Discovering "D:\\VS Code\\Peixeiro Raiz\\client\\src\\components\\ui\\chart.tsx"
2026-01-08T22:58:16.978285Z  INFO scan_sources: tailwindcss_oxide::scanner: Discovering "D:\\VS Code\\Peixeiro Raiz\\client\\src\\components\\ui\\checkbox.tsx"
2026-01-08T22:58:16.978321Z  INFO scan_sources: tailwindcss_oxide::scanner: Discovering "D:\\VS Code\\Peixeiro Raiz\\client\\src\\components\\ui\\collapsible.tsx"
2026-01-08T22:58:16.978392Z  INFO scan_sources: tailwindcss_oxide::scanner: Discovering "D:\\VS Code\\Peixeiro Raiz\\client\\src\\components\\ui\\command.tsx"
2026-01-08T22:58:16.978432Z  INFO scan_sources: tailwindcss_oxide::scanner: Discovering "D:\\VS Code\\Peixeiro Raiz\\client\\src\\components\\ui\\context-menu.tsx"
2026-01-08T22:58:16.978470Z  INFO scan_sources: tailwindcss_oxide::scanner: Discovering "D:\\VS Code\\Peixeiro Raiz\\client\\src\\components\\ui\\dialog.tsx"
2026-01-08T22:58:16.978506Z  INFO scan_sources: tailwindcss_oxide::scanner: Discovering "D:\\VS Code\\Peixeiro Raiz\\client\\src\\components\\ui\\drawer.tsx"
2026-01-08T22:58:16.978542Z  INFO scan_sources: tailwindcss_oxide::scanner: Discovering "D:\\VS Code\\Peixeiro Raiz\\client\\src\\components\\ui\\dropdown-menu.tsx"
2026-01-08T22:58:16.978577Z  INFO scan_sources: tailwindcss_oxide::scanner: Discovering "D:\\VS Code\\Peixeiro Raiz\\client\\src\\components\\ui\\empty.tsx"
2026-01-08T22:58:16.978613Z  INFO scan_sources: tailwindcss_oxide::scanner: Discovering "D:\\VS Code\\Peixeiro Raiz\\client\\src\\components\\ui\\field.tsx"
2026-01-08T22:58:16.978649Z  INFO scan_sources: tailwindcss_oxide::scanner: Discovering "D:\\VS Code\\Peixeiro Raiz\\client\\src\\components\\ui\\form.tsx"
2026-01-08T22:58:16.978694Z  INFO scan_sources: tailwindcss_oxide::scanner: Discovering "D:\\VS Code\\Peixeiro Raiz\\client\\src\\components\\ui\\hover-card.tsx"
2026-01-08T22:58:16.978731Z  INFO scan_sources: tailwindcss_oxide::scanner: Discovering "D:\\VS Code\\Peixeiro Raiz\\client\\src\\components\\ui\\input-group.tsx"
2026-01-08T22:58:16.978768Z  INFO scan_sources: tailwindcss_oxide::scanner: Discovering "D:\\VS Code\\Peixeiro Raiz\\client\\src\\components\\ui\\input-otp.tsx"
2026-01-08T22:58:16.978803Z  INFO scan_sources: tailwindcss_oxide::scanner: Discovering "D:\\VS Code\\Peixeiro Raiz\\client\\src\\components\\ui\\input.tsx"
2026-01-08T22:58:16.978838Z  INFO scan_sources: tailwindcss_oxide::scanner: Discovering "D:\\VS Code\\Peixeiro Raiz\\client\\src\\components\\ui\\item.tsx"
2026-01-08T22:58:16.978878Z  INFO scan_sources: tailwindcss_oxide::scanner: Discovering "D:\\VS Code\\Peixeiro Raiz\\client\\src\\components\\ui\\kbd.tsx"
2026-01-08T22:58:16.978936Z  INFO scan_sources: tailwindcss_oxide::scanner: Discovering "D:\\VS Code\\Peixeiro Raiz\\client\\src\\components\\ui\\label.tsx"
2026-01-08T22:58:16.979099Z  INFO scan_sources: tailwindcss_oxide::scanner: Discovering "D:\\VS Code\\Peixeiro Raiz\\client\\src\\components\\ui\\menubar.tsx"
2026-01-08T22:58:16.979168Z  INFO scan_sources: tailwindcss_oxide::scanner: Discovering "D:\\VS Code\\Peixeiro Raiz\\client\\src\\components\\ui\\navigation-menu.tsx"
2026-01-08T22:58:16.979224Z  INFO scan_sources: tailwindcss_oxide::scanner: Discovering "D:\\VS Code\\Peixeiro Raiz\\client\\src\\components\\ui\\pagination.tsx"
2026-01-08T22:58:16.979275Z  INFO scan_sources: tailwindcss_oxide::scanner: Discovering "D:\\VS Code\\Peixeiro Raiz\\client\\src\\components\\ui\\popover.tsx"
2026-01-08T22:58:16.979328Z  INFO scan_sources: tailwindcss_oxide::scanner: Discovering "D:\\VS Code\\Peixeiro Raiz\\client\\src\\components\\ui\\progress.tsx"
2026-01-08T22:58:16.979540Z  INFO scan_sources: tailwindcss_oxide::scanner: Discovering "D:\\VS Code\\Peixeiro Raiz\\client\\src\\components\\ui\\radio-group.tsx"
2026-01-08T22:58:16.979613Z  INFO scan_sources: tailwindcss_oxide::scanner: Discovering "D:\\VS Code\\Peixeiro Raiz\\client\\src\\components\\ui\\resizable.tsx"
2026-01-08T22:58:16.979748Z  INFO scan_sources: tailwindcss_oxide::scanner: Discovering "D:\\VS Code\\Peixeiro Raiz\\client\\src\\components\\ui\\scroll-area.tsx"
2026-01-08T22:58:16.979818Z  INFO scan_sources: tailwindcss_oxide::scanner: Discovering "D:\\VS Code\\Peixeiro Raiz\\client\\src\\components\\ui\\select.tsx"
2026-01-08T22:58:16.979874Z  INFO scan_sources: tailwindcss_oxide::scanner: Discovering "D:\\VS Code\\Peixeiro Raiz\\client\\src\\components\\ui\\separator.tsx"
2026-01-08T22:58:16.979993Z  INFO scan_sources: tailwindcss_oxide::scanner: Discovering "D:\\VS Code\\Peixeiro Raiz\\client\\src\\components\\ui\\sheet.tsx"
2026-01-08T22:58:16.980061Z  INFO scan_sources: tailwindcss_oxide::scanner: Discovering "D:\\VS Code\\Peixeiro Raiz\\client\\src\\components\\ui\\sidebar.tsx"
2026-01-08T22:58:16.980153Z  INFO scan_sources: tailwindcss_oxide::scanner: Discovering "D:\\VS Code\\Peixeiro Raiz\\client\\src\\components\\ui\\skeleton.tsx"
2026-01-08T22:58:16.980226Z  INFO scan_sources: tailwindcss_oxide::scanner: Discovering "D:\\VS Code\\Peixeiro Raiz\\client\\src\\components\\ui\\slider.tsx"
2026-01-08T22:58:16.980303Z  INFO scan_sources: tailwindcss_oxide::scanner: Discovering "D:\\VS Code\\Peixeiro Raiz\\client\\src\\components\\ui\\sonner.tsx"
2026-01-08T22:58:16.980412Z  INFO scan_sources: tailwindcss_oxide::scanner: Discovering "D:\\VS Code\\Peixeiro Raiz\\client\\src\\components\\ui\\spinner.tsx"
2026-01-08T22:58:16.980512Z  INFO scan_sources: tailwindcss_oxide::scanner: Discovering "D:\\VS Code\\Peixeiro Raiz\\client\\src\\components\\ui\\switch.tsx"
2026-01-08T22:58:16.980595Z  INFO scan_sources: tailwindcss_oxide::scanner: Discovering "D:\\VS Code\\Peixeiro Raiz\\client\\src\\components\\ui\\table.tsx"
2026-01-08T22:58:16.980670Z  INFO scan_sources: tailwindcss_oxide::scanner: Discovering "D:\\VS Code\\Peixeiro Raiz\\client\\src\\components\\ui\\tabs.tsx"
2026-01-08T22:58:16.980839Z  INFO scan_sources: tailwindcss_oxide::scanner: Discovering "D:\\VS Code\\Peixeiro Raiz\\client\\src\\components\\ui\\textarea.tsx"
2026-01-08T22:58:16.980940Z  INFO scan_sources: tailwindcss_oxide::scanner: Discovering "D:\\VS Code\\Peixeiro Raiz\\client\\src\\components\\ui\\toast.tsx"
2026-01-08T22:58:16.981117Z  INFO scan_sources: tailwindcss_oxide::scanner: Discovering "D:\\VS Code\\Peixeiro Raiz\\client\\src\\components\\ui\\toaster.tsx"
2026-01-08T22:58:16.981250Z  INFO scan_sources: tailwindcss_oxide::scanner: Discovering "D:\\VS Code\\Peixeiro Raiz\\client\\src\\components\\ui\\toggle-group.tsx"
2026-01-08T22:58:16.981325Z  INFO scan_sources: tailwindcss_oxide::scanner: Discovering "D:\\VS Code\\Peixeiro Raiz\\client\\src\\components\\ui\\toggle.tsx"
2026-01-08T22:58:16.981393Z  INFO scan_sources: tailwindcss_oxide::scanner: Discovering "D:\\VS Code\\Peixeiro Raiz\\client\\src\\components\\ui\\tooltip.tsx"
2026-01-08T22:58:16.981746Z  INFO scan_sources: tailwindcss_oxide::scanner: Discovering "D:\\VS Code\\Peixeiro Raiz\\client\\src\\hooks"
2026-01-08T22:58:16.981971Z  INFO scan_sources: tailwindcss_oxide::scanner: Discovering "D:\\VS Code\\Peixeiro Raiz\\client\\src\\hooks\\use-auth.tsx"
2026-01-08T22:58:16.982026Z  INFO scan_sources: tailwindcss_oxide::scanner: Discovering "D:\\VS Code\\Peixeiro Raiz\\client\\src\\hooks\\use-mobile.tsx"
2026-01-08T22:58:16.982078Z  INFO scan_sources: tailwindcss_oxide::scanner: Discovering "D:\\VS Code\\Peixeiro Raiz\\client\\src\\hooks\\use-toast.ts"
2026-01-08T22:58:16.982154Z  INFO scan_sources: tailwindcss_oxide::scanner: Discovering "D:\\VS Code\\Peixeiro Raiz\\client\\src\\index.css"
2026-01-08T22:58:16.982222Z  INFO scan_sources: tailwindcss_oxide::scanner: Discovering "D:\\VS Code\\Peixeiro Raiz\\client\\src\\lib"
2026-01-08T22:58:16.982307Z  INFO scan_sources: tailwindcss_oxide::scanner: Discovering "D:\\VS Code\\Peixeiro Raiz\\client\\src\\lib\\api.ts"
2026-01-08T22:58:16.982350Z  INFO scan_sources: tailwindcss_oxide::scanner: Discovering "D:\\VS Code\\Peixeiro Raiz\\client\\src\\lib\\engine.ts"
2026-01-08T22:58:16.982496Z  INFO scan_sources: tailwindcss_oxide::scanner: Discovering "D:\\VS Code\\Peixeiro Raiz\\client\\src\\lib\\queryClient.ts"
2026-01-08T22:58:16.982568Z  INFO scan_sources: tailwindcss_oxide::scanner: Discovering "D:\\VS Code\\Peixeiro Raiz\\client\\src\\lib\\supabase.ts"
2026-01-08T22:58:16.982623Z  INFO scan_sources: tailwindcss_oxide::scanner: Discovering "D:\\VS Code\\Peixeiro Raiz\\client\\src\\lib\\types.ts"
2026-01-08T22:58:16.982673Z  INFO scan_sources: tailwindcss_oxide::scanner: Discovering "D:\\VS Code\\Peixeiro Raiz\\client\\src\\lib\\utils.ts"
2026-01-08T22:58:16.982743Z  INFO scan_sources: tailwindcss_oxide::scanner: Discovering "D:\\VS Code\\Peixeiro Raiz\\client\\src\\main.tsx"
2026-01-08T22:58:16.982817Z  INFO scan_sources: tailwindcss_oxide::scanner: Discovering "D:\\VS Code\\Peixeiro Raiz\\client\\src\\pages"
2026-01-08T22:58:16.982910Z  INFO scan_sources: tailwindcss_oxide::scanner: Discovering "D:\\VS Code\\Peixeiro Raiz\\client\\src\\pages\\auth.tsx"
2026-01-08T22:58:16.982950Z  INFO scan_sources: tailwindcss_oxide::scanner: Discovering "D:\\VS Code\\Peixeiro Raiz\\client\\src\\pages\\calculator.tsx"
2026-01-08T22:58:16.982991Z  INFO scan_sources: tailwindcss_oxide::scanner: Discovering "D:\\VS Code\\Peixeiro Raiz\\client\\src\\pages\\history.tsx"
2026-01-08T22:58:16.983039Z  INFO scan_sources: tailwindcss_oxide::scanner: Discovering "D:\\VS Code\\Peixeiro Raiz\\client\\src\\pages\\not-found.tsx"
2026-01-08T22:58:16.983080Z  INFO scan_sources: tailwindcss_oxide::scanner: Discovering "D:\\VS Code\\Peixeiro Raiz\\client\\src\\pages\\paywall.tsx"
2026-01-08T22:58:16.983197Z  INFO scan_sources: tailwindcss_oxide::scanner: exit
2026-01-08T22:58:16.983207Z  INFO extract_candidates: tailwindcss_oxide::scanner: enter
2026-01-08T22:58:16.983216Z  INFO extract_candidates:read_all_files: tailwindcss_oxide::scanner: enter
2026-01-08T22:58:16.983219Z  INFO extract_candidates:read_all_files: tailwindcss_oxide::scanner: Reading 75 file(s)
2026-01-08T22:58:16.983671Z  INFO tailwindcss_oxide::scanner: Reading "D:\\VS Code\\Peixeiro Raiz\\client\\index.html"
2026-01-08T22:58:16.983703Z  INFO tailwindcss_oxide::scanner: Reading "D:\\VS Code\\Peixeiro Raiz\\client\\src\\components\\ui\\pagination.tsx"
2026-01-08T22:58:16.983706Z  INFO tailwindcss_oxide::scanner: Reading "D:\\VS Code\\Peixeiro Raiz\\client\\src\\components\\ui\\checkbox.tsx"
2026-01-08T22:58:16.983761Z  INFO tailwindcss_oxide::scanner: Reading "D:\\VS Code\\Peixeiro Raiz\\client\\src\\App.tsx"
2026-01-08T22:58:16.983789Z  INFO tailwindcss_oxide::scanner: Reading "D:\\VS Code\\Peixeiro Raiz\\client\\src\\components\\ui\\popover.tsx"
2026-01-08T22:58:16.983792Z  INFO tailwindcss_oxide::scanner: Reading "D:\\VS Code\\Peixeiro Raiz\\client\\src\\components\\ui\\collapsible.tsx"
2026-01-08T22:58:16.983866Z  INFO tailwindcss_oxide::scanner: Reading "D:\\VS Code\\Peixeiro Raiz\\client\\src\\components\\ui\\progress.tsx"
2026-01-08T22:58:16.983869Z  INFO tailwindcss_oxide::scanner: Reading "D:\\VS Code\\Peixeiro Raiz\\client\\src\\components\\ui\\command.tsx"
2026-01-08T22:58:16.983930Z  INFO tailwindcss_oxide::scanner: Reading "D:\\VS Code\\Peixeiro Raiz\\client\\src\\components\\ui\\radio-group.tsx"
2026-01-08T22:58:16.983942Z  INFO tailwindcss_oxide::scanner: Reading "D:\\VS Code\\Peixeiro Raiz\\client\\src\\components\\ui\\context-menu.tsx"
2026-01-08T22:58:16.983950Z  INFO tailwindcss_oxide::scanner: Reading "D:\\VS Code\\Peixeiro Raiz\\client\\src\\components\\ui\\form.tsx"
2026-01-08T22:58:16.983993Z  INFO tailwindcss_oxide::scanner: Reading "D:\\VS Code\\Peixeiro Raiz\\client\\src\\components\\ui\\resizable.tsx"
2026-01-08T22:58:16.984004Z  INFO tailwindcss_oxide::scanner: Reading "D:\\VS Code\\Peixeiro Raiz\\client\\src\\components\\ui\\dialog.tsx"
2026-01-08T22:58:16.984028Z  INFO tailwindcss_oxide::scanner: Reading "D:\\VS Code\\Peixeiro Raiz\\client\\src\\components\\ui\\hover-card.tsx"
2026-01-08T22:58:16.984056Z  INFO tailwindcss_oxide::scanner: Reading "D:\\VS Code\\Peixeiro Raiz\\client\\src\\components\\ui\\scroll-area.tsx"
2026-01-08T22:58:16.984062Z  INFO tailwindcss_oxide::scanner: Reading "D:\\VS Code\\Peixeiro Raiz\\client\\src\\components\\ui\\drawer.tsx"
2026-01-08T22:58:16.984096Z  INFO tailwindcss_oxide::scanner: Reading "D:\\VS Code\\Peixeiro Raiz\\client\\src\\components\\ui\\input-group.tsx"
2026-01-08T22:58:16.984120Z  INFO tailwindcss_oxide::scanner: Reading "D:\\VS Code\\Peixeiro Raiz\\client\\src\\components\\ui\\select.tsx"
2026-01-08T22:58:16.984131Z  INFO tailwindcss_oxide::scanner: Reading "D:\\VS Code\\Peixeiro Raiz\\client\\src\\components\\ui\\dropdown-menu.tsx"
2026-01-08T22:58:16.984189Z  INFO tailwindcss_oxide::scanner: Reading "D:\\VS Code\\Peixeiro Raiz\\client\\src\\components\\ui\\separator.tsx"
2026-01-08T22:58:16.984171Z  INFO tailwindcss_oxide::scanner: Reading "D:\\VS Code\\Peixeiro Raiz\\client\\src\\components\\ui\\input-otp.tsx"
2026-01-08T22:58:16.984299Z  INFO tailwindcss_oxide::scanner: Reading "D:\\VS Code\\Peixeiro Raiz\\client\\src\\components\\ui\\empty.tsx"
2026-01-08T22:58:16.984303Z  INFO tailwindcss_oxide::scanner: Reading "D:\\VS Code\\Peixeiro Raiz\\client\\src\\components\\ui\\sheet.tsx"
2026-01-08T22:58:16.984313Z  INFO tailwindcss_oxide::scanner: Reading "D:\\VS Code\\Peixeiro Raiz\\client\\src\\components\\ui\\input.tsx"
2026-01-08T22:58:16.984372Z  INFO tailwindcss_oxide::scanner: Reading "D:\\VS Code\\Peixeiro Raiz\\client\\src\\components\\ui\\field.tsx"
2026-01-08T22:58:16.984394Z  INFO tailwindcss_oxide::scanner: Reading "D:\\VS Code\\Peixeiro Raiz\\client\\src\\components\\ui\\item.tsx"
2026-01-08T22:58:16.984405Z  INFO tailwindcss_oxide::scanner: Reading "D:\\VS Code\\Peixeiro Raiz\\client\\src\\components\\ui\\sidebar.tsx"
2026-01-08T22:58:16.984443Z  INFO tailwindcss_oxide::scanner: Reading "D:\\VS Code\\Peixeiro Raiz\\client\\src\\components\\ui\\label.tsx"
2026-01-08T22:58:16.984456Z  INFO tailwindcss_oxide::scanner: Reading "D:\\VS Code\\Peixeiro Raiz\\client\\src\\components\\ui\\kbd.tsx"
2026-01-08T22:58:16.984482Z  INFO tailwindcss_oxide::scanner: Reading "D:\\VS Code\\Peixeiro Raiz\\client\\src\\components\\ui\\skeleton.tsx"
2026-01-08T22:58:16.984506Z  INFO tailwindcss_oxide::scanner: Reading "D:\\VS Code\\Peixeiro Raiz\\client\\src\\components\\ui\\menubar.tsx"
2026-01-08T22:58:16.984530Z  INFO tailwindcss_oxide::scanner: Reading "D:\\VS Code\\Peixeiro Raiz\\client\\src\\components\\ui\\avatar.tsx"
2026-01-08T22:58:16.984558Z  INFO tailwindcss_oxide::scanner: Reading "D:\\VS Code\\Peixeiro Raiz\\client\\src\\components\\ui\\slider.tsx"
2026-01-08T22:58:16.984574Z  INFO tailwindcss_oxide::scanner: Reading "D:\\VS Code\\Peixeiro Raiz\\client\\src\\components\\ui\\navigation-menu.tsx"
2026-01-08T22:58:16.984597Z  INFO tailwindcss_oxide::scanner: Reading "D:\\VS Code\\Peixeiro Raiz\\client\\src\\components\\ui\\badge.tsx"
2026-01-08T22:58:16.984623Z  INFO tailwindcss_oxide::scanner: Reading "D:\\VS Code\\Peixeiro Raiz\\client\\src\\components\\ui\\sonner.tsx"
2026-01-08T22:58:16.984640Z  INFO tailwindcss_oxide::scanner: Reading "D:\\VS Code\\Peixeiro Raiz\\client\\src\\components\\ui\\button.tsx"
2026-01-08T22:58:16.984661Z  INFO tailwindcss_oxide::scanner: Reading "D:\\VS Code\\Peixeiro Raiz\\client\\src\\components\\ui\\breadcrumb.tsx"
2026-01-08T22:58:16.984688Z  INFO tailwindcss_oxide::scanner: Reading "D:\\VS Code\\Peixeiro Raiz\\client\\src\\components\\ui\\spinner.tsx"
2026-01-08T22:58:16.984709Z  INFO tailwindcss_oxide::scanner: Reading "D:\\VS Code\\Peixeiro Raiz\\client\\src\\components\\ui\\calendar.tsx"
2026-01-08T22:58:16.984725Z  INFO tailwindcss_oxide::scanner: Reading "D:\\VS Code\\Peixeiro Raiz\\client\\src\\components\\ui\\button-group.tsx"
2026-01-08T22:58:16.984757Z  INFO tailwindcss_oxide::scanner: Reading "D:\\VS Code\\Peixeiro Raiz\\client\\src\\components\\ui\\switch.tsx"
2026-01-08T22:58:16.984784Z  INFO tailwindcss_oxide::scanner: Reading "D:\\VS Code\\Peixeiro Raiz\\client\\src\\components\\ui\\card.tsx"
2026-01-08T22:58:16.984794Z  INFO tailwindcss_oxide::scanner: Reading "D:\\VS Code\\Peixeiro Raiz\\client\\src\\components\\protected-route.tsx"
2026-01-08T22:58:16.984825Z  INFO tailwindcss_oxide::scanner: Reading "D:\\VS Code\\Peixeiro Raiz\\client\\src\\components\\ui\\table.tsx"
2026-01-08T22:58:16.984865Z  INFO tailwindcss_oxide::scanner: Reading "D:\\VS Code\\Peixeiro Raiz\\client\\src\\components\\ui\\accordion.tsx"
2026-01-08T22:58:16.984862Z  INFO tailwindcss_oxide::scanner: Reading "D:\\VS Code\\Peixeiro Raiz\\client\\src\\components\\ui\\carousel.tsx"
2026-01-08T22:58:16.984895Z  INFO tailwindcss_oxide::scanner: Reading "D:\\VS Code\\Peixeiro Raiz\\client\\src\\components\\ui\\tabs.tsx"
2026-01-08T22:58:16.984937Z  INFO tailwindcss_oxide::scanner: Reading "D:\\VS Code\\Peixeiro Raiz\\client\\src\\components\\ui\\chart.tsx"
2026-01-08T22:58:16.984933Z  INFO tailwindcss_oxide::scanner: Reading "D:\\VS Code\\Peixeiro Raiz\\client\\src\\components\\ui\\alert-dialog.tsx"
2026-01-08T22:58:16.985024Z  INFO tailwindcss_oxide::scanner: Reading "D:\\VS Code\\Peixeiro Raiz\\client\\src\\components\\ui\\textarea.tsx"
2026-01-08T22:58:16.985040Z  INFO tailwindcss_oxide::scanner: Reading "D:\\VS Code\\Peixeiro Raiz\\client\\src\\components\\ui\\alert.tsx"
2026-01-08T22:58:16.985050Z  INFO tailwindcss_oxide::scanner: Reading "D:\\VS Code\\Peixeiro Raiz\\client\\src\\components\\ui\\toaster.tsx"
2026-01-08T22:58:16.985092Z  INFO tailwindcss_oxide::scanner: Reading "D:\\VS Code\\Peixeiro Raiz\\client\\src\\components\\ui\\toast.tsx"
2026-01-08T22:58:16.985106Z  INFO tailwindcss_oxide::scanner: Reading "D:\\VS Code\\Peixeiro Raiz\\client\\src\\components\\ui\\aspect-ratio.tsx"
2026-01-08T22:58:16.985120Z  INFO tailwindcss_oxide::scanner: Reading "D:\\VS Code\\Peixeiro Raiz\\client\\src\\components\\ui\\toggle-group.tsx"
2026-01-08T22:58:16.985177Z  INFO tailwindcss_oxide::scanner: Reading "D:\\VS Code\\Peixeiro Raiz\\client\\src\\hooks\\use-auth.tsx"
2026-01-08T22:58:16.985185Z  INFO tailwindcss_oxide::scanner: Reading "D:\\VS Code\\Peixeiro Raiz\\client\\src\\components\\ui\\toggle.tsx"
2026-01-08T22:58:16.985200Z  INFO tailwindcss_oxide::scanner: Reading "D:\\VS Code\\Peixeiro Raiz\\client\\src\\lib\\queryClient.ts"
2026-01-08T22:58:16.985242Z  INFO tailwindcss_oxide::scanner: Reading "D:\\VS Code\\Peixeiro Raiz\\client\\src\\hooks\\use-mobile.tsx"
2026-01-08T22:58:16.985246Z  INFO tailwindcss_oxide::scanner: Reading "D:\\VS Code\\Peixeiro Raiz\\client\\src\\components\\ui\\tooltip.tsx"
2026-01-08T22:58:16.985271Z  INFO tailwindcss_oxide::scanner: Reading "D:\\VS Code\\Peixeiro Raiz\\client\\src\\lib\\supabase.ts"
2026-01-08T22:58:16.985306Z  INFO tailwindcss_oxide::scanner: Reading "D:\\VS Code\\Peixeiro Raiz\\client\\src\\hooks\\use-toast.ts"
2026-01-08T22:58:16.985352Z  INFO tailwindcss_oxide::scanner: Reading "D:\\VS Code\\Peixeiro Raiz\\client\\src\\lib\\types.ts"
2026-01-08T22:58:16.985350Z  INFO tailwindcss_oxide::scanner: Reading "D:\\VS Code\\Peixeiro Raiz\\client\\src\\pages\\auth.tsx"
2026-01-08T22:58:16.985388Z  INFO tailwindcss_oxide::scanner: Reading "D:\\VS Code\\Peixeiro Raiz\\client\\src\\lib\\api.ts"
2026-01-08T22:58:16.985415Z  INFO tailwindcss_oxide::scanner: Reading "D:\\VS Code\\Peixeiro Raiz\\client\\src\\lib\\utils.ts"
2026-01-08T22:58:16.985459Z  INFO tailwindcss_oxide::scanner: Reading "D:\\VS Code\\Peixeiro Raiz\\client\\src\\lib\\engine.ts"
2026-01-08T22:58:16.985479Z  INFO tailwindcss_oxide::scanner: Reading "D:\\VS Code\\Peixeiro Raiz\\client\\src\\main.tsx"
2026-01-08T22:58:16.985538Z  INFO tailwindcss_oxide::scanner: Reading "D:\\VS Code\\Peixeiro Raiz\\client\\src\\pages\\history.tsx"
2026-01-08T22:58:16.985546Z  INFO tailwindcss_oxide::scanner: Reading "D:\\VS Code\\Peixeiro Raiz\\client\\src\\pages\\not-found.tsx"
2026-01-08T22:58:16.985616Z  INFO tailwindcss_oxide::scanner: Reading "D:\\VS Code\\Peixeiro Raiz\\client\\src\\pages\\paywall.tsx"
2026-01-08T22:58:16.984961Z  INFO tailwindcss_oxide::scanner: Reading "D:\\VS Code\\Peixeiro Raiz\\client\\src\\components\\error-boundary.tsx"
2026-01-08T22:58:16.985767Z  INFO tailwindcss_oxide::scanner: Reading "D:\\VS Code\\Peixeiro Raiz\\client\\src\\pages\\calculator.tsx"
2026-01-08T22:58:16.985798Z  INFO tailwindcss_oxide::scanner: Reading "D:\\VS Code\\Peixeiro Raiz\\client\\src\\components\\layout.tsx"
2026-01-08T22:58:16.986123Z  INFO extract_candidates:read_all_files: tailwindcss_oxide::scanner: exit
2026-01-08T22:58:16.986145Z  INFO extract_candidates:parse_all_blobs: tailwindcss_oxide::scanner: enter
2026-01-08T22:58:16.986152Z  INFO extract_candidates:parse_all_blobs:extract: tailwindcss_oxide::scanner: enter
2026-01-08T22:58:16.989179Z  INFO extract_candidates:parse_all_blobs:extract: tailwindcss_oxide::scanner: exit
2026-01-08T22:58:16.989220Z  INFO extract_candidates:parse_all_blobs: tailwindcss_oxide::scanner: exit
2026-01-08T22:58:16.989228Z  INFO extract_candidates:read_all_files: tailwindcss_oxide::scanner: enter
2026-01-08T22:58:16.989231Z  INFO extract_candidates:read_all_files: tailwindcss_oxide::scanner: Reading 1 file(s)
2026-01-08T22:58:16.989332Z  INFO extract_candidates:read_all_files: tailwindcss_oxide::scanner: Reading "D:\\VS Code\\Peixeiro Raiz\\client\\src\\index.css"
2026-01-08T22:58:16.989341Z  INFO extract_candidates:read_all_files: tailwindcss_oxide::scanner: exit
2026-01-08T22:58:16.989344Z  INFO extract_candidates:extract_css_variables: tailwindcss_oxide::scanner: enter
2026-01-08T22:58:16.989347Z  INFO extract_candidates:extract_css_variables:extract: tailwindcss_oxide::scanner: enter
2026-01-08T22:58:16.989421Z  INFO extract_candidates:extract_css_variables:extract: tailwindcss_oxide::scanner: exit
2026-01-08T22:58:16.989438Z  INFO extract_candidates:extract_css_variables: tailwindcss_oxide::scanner: exit
2026-01-08T22:58:16.990083Z  INFO extract_candidates: tailwindcss_oxide::scanner: exit
2026-01-08T22:58:16.991237Z  INFO get_files: tailwindcss_oxide::scanner: enter
2026-01-08T22:58:16.991248Z  INFO get_files:scan_sources: tailwindcss_oxide::scanner: enter
2026-01-08T22:58:16.992007Z  INFO get_files:scan_sources: tailwindcss_oxide::scanner: Discovering "D:\\VS Code\\Peixeiro Raiz\\client\\public"
2026-01-08T22:58:16.992170Z  INFO get_files:scan_sources: tailwindcss_oxide::scanner: Discovering "D:\\VS Code\\Peixeiro Raiz\\client\\src"
2026-01-08T22:58:16.992302Z  INFO get_files:scan_sources: tailwindcss_oxide::scanner: Discovering "D:\\VS Code\\Peixeiro Raiz\\client\\src\\components"
2026-01-08T22:58:16.992516Z  INFO get_files:scan_sources: tailwindcss_oxide::scanner: Discovering "D:\\VS Code\\Peixeiro Raiz\\client\\src\\components\\ui"
2026-01-08T22:58:16.993775Z  INFO get_files:scan_sources: tailwindcss_oxide::scanner: Discovering "D:\\VS Code\\Peixeiro Raiz\\client\\src\\hooks"
2026-01-08T22:58:16.993968Z  INFO get_files:scan_sources: tailwindcss_oxide::scanner: Discovering "D:\\VS Code\\Peixeiro Raiz\\client\\src\\lib"
2026-01-08T22:58:16.994205Z  INFO get_files:scan_sources: tailwindcss_oxide::scanner: Discovering "D:\\VS Code\\Peixeiro Raiz\\client\\src\\pages"
2026-01-08T22:58:16.994411Z  INFO get_files:scan_sources: tailwindcss_oxide::scanner: exit
2026-01-08T22:58:16.994568Z  INFO get_files: tailwindcss_oxide::scanner: exit
2026-01-08T22:58:17.010604Z  INFO get_globs: tailwindcss_oxide::scanner: enter
2026-01-08T22:58:17.010641Z  INFO get_globs:scan_sources: tailwindcss_oxide::scanner: enter
2026-01-08T22:58:17.011530Z  INFO get_globs:scan_sources: tailwindcss_oxide::scanner: Discovering "D:\\VS Code\\Peixeiro Raiz\\client\\public"
2026-01-08T22:58:17.011698Z  INFO get_globs:scan_sources: tailwindcss_oxide::scanner: Discovering "D:\\VS Code\\Peixeiro Raiz\\client\\src"
2026-01-08T22:58:17.011832Z  INFO get_globs:scan_sources: tailwindcss_oxide::scanner: Discovering "D:\\VS Code\\Peixeiro Raiz\\client\\src\\components"
2026-01-08T22:58:17.013939Z  INFO get_globs:scan_sources: tailwindcss_oxide::scanner: Discovering "D:\\VS Code\\Peixeiro Raiz\\client\\src\\components\\ui"
2026-01-08T22:58:17.016893Z  INFO get_globs:scan_sources: tailwindcss_oxide::scanner: Discovering "D:\\VS Code\\Peixeiro Raiz\\client\\src\\hooks"
2026-01-08T22:58:17.017259Z  INFO get_globs:scan_sources: tailwindcss_oxide::scanner: Discovering "D:\\VS Code\\Peixeiro Raiz\\client\\src\\lib"
2026-01-08T22:58:17.017634Z  INFO get_globs:scan_sources: tailwindcss_oxide::scanner: Discovering "D:\\VS Code\\Peixeiro Raiz\\client\\src\\pages"
2026-01-08T22:58:17.017981Z  INFO get_globs:scan_sources: tailwindcss_oxide::scanner: exit
2026-01-08T22:58:17.020687Z  INFO get_globs: tailwindcss_oxide::scanner: exit
