2026-01-09T01:49:15.420215Z  INFO tailwindcss_oxide::scanner: Provided sources:
2026-01-09T01:49:15.421654Z  INFO tailwindcss_oxide::scanner: Source: PublicSourceEntry { base: "D:/VS Code/Peixeiro Raiz", pattern: "**/*", negated: false }
2026-01-09T01:49:15.422563Z  INFO tailwindcss_oxide::scanner: Optimized sources:
2026-01-09T01:49:15.422587Z  INFO tailwindcss_oxide::scanner: Source: Auto { base: "D:\\VS Code\\Peixeiro Raiz" }
2026-01-09T01:49:15.581938Z  INFO scan_sources: tailwindcss_oxide::scanner: enter
2026-01-09T01:49:15.594964Z  INFO scan_sources: tailwindcss_oxide::scanner: Discovering "D:\\VS Code\\Peixeiro Raiz\\.env.example"
2026-01-09T01:49:15.595219Z  INFO scan_sources: tailwindcss_oxide::scanner: Discovering "D:\\VS Code\\Peixeiro Raiz\\.replit"
2026-01-09T01:49:15.595728Z  INFO scan_sources: tailwindcss_oxide::scanner: Discovering "D:\\VS Code\\Peixeiro Raiz\\attached_assets"
2026-01-09T01:49:15.595881Z  INFO scan_sources: tailwindcss_oxide::scanner: Discovering "D:\\VS Code\\Peixeiro Raiz\\attached_assets\\generated_images"
2026-01-09T01:49:15.596028Z  INFO scan_sources: tailwindcss_oxide::scanner: Discovering "D:\\VS Code\\Peixeiro Raiz\\attached_assets\\Pasted-Perfeito-Continuando-sem-perder-rigor-Agora-entramos-no_1767829950666.txt"
2026-01-09T01:49:15.596126Z  INFO scan_sources: tailwindcss_oxide::scanner: Discovering "D:\\VS Code\\Peixeiro Raiz\\client"
2026-01-09T01:49:15.596246Z  INFO scan_sources: tailwindcss_oxide::scanner: Discovering "D:\\VS Code\\Peixeiro Raiz\\client\\public"
2026-01-09T01:49:15.596348Z  INFO scan_sources: tailwindcss_oxide::scanner: Discovering "D:\\VS Code\\Peixeiro Raiz\\client\\public\\_redirects"
2026-01-09T01:49:15.596423Z  INFO scan_sources: tailwindcss_oxide::scanner: Discovering "D:\\VS Code\\Peixeiro Raiz\\client\\src"
2026-01-09T01:49:15.596508Z  INFO scan_sources: tailwindcss_oxide::scanner: Discovering "D:\\VS Code\\Peixeiro Raiz\\client\\src\\App.tsx"
2026-01-09T01:49:15.596570Z  INFO scan_sources: tailwindcss_oxide::scanner: Discovering "D:\\VS Code\\Peixeiro Raiz\\client\\src\\components"
2026-01-09T01:49:15.596656Z  INFO scan_sources: tailwindcss_oxide::scanner: Discovering "D:\\VS Code\\Peixeiro Raiz\\client\\src\\components\\error-boundary.tsx"
2026-01-09T01:49:15.596699Z  INFO scan_sources: tailwindcss_oxide::scanner: Discovering "D:\\VS Code\\Peixeiro Raiz\\client\\src\\components\\layout.tsx"
2026-01-09T01:49:15.596742Z  INFO scan_sources: tailwindcss_oxide::scanner: Discovering "D:\\VS Code\\Peixeiro Raiz\\client\\src\\components\\protected-route.tsx"
2026-01-09T01:49:15.596809Z  INFO scan_sources: tailwindcss_oxide::scanner: Discovering "D:\\VS Code\\Peixeiro Raiz\\client\\src\\components\\ui"
2026-01-09T01:49:15.596898Z  INFO scan_sources: tailwindcss_oxide::scanner: Discovering "D:\\VS Code\\Peixeiro Raiz\\client\\src\\components\\ui\\accordion.tsx"
2026-01-09T01:49:15.596949Z  INFO scan_sources: tailwindcss_oxide::scanner: Discovering "D:\\VS Code\\Peixeiro Raiz\\client\\src\\components\\ui\\alert-dialog.tsx"
2026-01-09T01:49:15.596988Z  INFO scan_sources: tailwindcss_oxide::scanner: Discovering "D:\\VS Code\\Peixeiro Raiz\\client\\src\\components\\ui\\alert.tsx"
2026-01-09T01:49:15.597027Z  INFO scan_sources: tailwindcss_oxide::scanner: Discovering "D:\\VS Code\\Peixeiro Raiz\\client\\src\\components\\ui\\aspect-ratio.tsx"
2026-01-09T01:49:15.597065Z  INFO scan_sources: tailwindcss_oxide::scanner: Discovering "D:\\VS Code\\Peixeiro Raiz\\client\\src\\components\\ui\\avatar.tsx"
2026-01-09T01:49:15.597105Z  INFO scan_sources: tailwindcss_oxide::scanner: Discovering "D:\\VS Code\\Peixeiro Raiz\\client\\src\\components\\ui\\badge.tsx"
2026-01-09T01:49:15.597147Z  INFO scan_sources: tailwindcss_oxide::scanner: Discovering "D:\\VS Code\\Peixeiro Raiz\\client\\src\\components\\ui\\breadcrumb.tsx"
2026-01-09T01:49:15.597187Z  INFO scan_sources: tailwindcss_oxide::scanner: Discovering "D:\\VS Code\\Peixeiro Raiz\\client\\src\\components\\ui\\button-group.tsx"
2026-01-09T01:49:15.597225Z  INFO scan_sources: tailwindcss_oxide::scanner: Discovering "D:\\VS Code\\Peixeiro Raiz\\client\\src\\components\\ui\\button.tsx"
2026-01-09T01:49:15.597309Z  INFO scan_sources: tailwindcss_oxide::scanner: Discovering "D:\\VS Code\\Peixeiro Raiz\\client\\src\\components\\ui\\calendar.tsx"
2026-01-09T01:49:15.597352Z  INFO scan_sources: tailwindcss_oxide::scanner: Discovering "D:\\VS Code\\Peixeiro Raiz\\client\\src\\components\\ui\\card.tsx"
2026-01-09T01:49:15.597391Z  INFO scan_sources: tailwindcss_oxide::scanner: Discovering "D:\\VS Code\\Peixeiro Raiz\\client\\src\\components\\ui\\carousel.tsx"
2026-01-09T01:49:15.597429Z  INFO scan_sources: tailwindcss_oxide::scanner: Discovering "D:\\VS Code\\Peixeiro Raiz\\client\\src\\components\\ui\\chart.tsx"
2026-01-09T01:49:15.597468Z  INFO scan_sources: tailwindcss_oxide::scanner: Discovering "D:\\VS Code\\Peixeiro Raiz\\client\\src\\components\\ui\\checkbox.tsx"
2026-01-09T01:49:15.597507Z  INFO scan_sources: tailwindcss_oxide::scanner: Discovering "D:\\VS Code\\Peixeiro Raiz\\client\\src\\components\\ui\\collapsible.tsx"
2026-01-09T01:49:15.597551Z  INFO scan_sources: tailwindcss_oxide::scanner: Discovering "D:\\VS Code\\Peixeiro Raiz\\client\\src\\components\\ui\\command.tsx"
2026-01-09T01:49:15.597592Z  INFO scan_sources: tailwindcss_oxide::scanner: Discovering "D:\\VS Code\\Peixeiro Raiz\\client\\src\\components\\ui\\context-menu.tsx"
2026-01-09T01:49:15.597632Z  INFO scan_sources: tailwindcss_oxide::scanner: Discovering "D:\\VS Code\\Peixeiro Raiz\\client\\src\\components\\ui\\dialog.tsx"
2026-01-09T01:49:15.597670Z  INFO scan_sources: tailwindcss_oxide::scanner: Discovering "D:\\VS Code\\Peixeiro Raiz\\client\\src\\components\\ui\\drawer.tsx"
2026-01-09T01:49:15.597710Z  INFO scan_sources: tailwindcss_oxide::scanner: Discovering "D:\\VS Code\\Peixeiro Raiz\\client\\src\\components\\ui\\dropdown-menu.tsx"
2026-01-09T01:49:15.597751Z  INFO scan_sources: tailwindcss_oxide::scanner: Discovering "D:\\VS Code\\Peixeiro Raiz\\client\\src\\components\\ui\\empty.tsx"
2026-01-09T01:49:15.597789Z  INFO scan_sources: tailwindcss_oxide::scanner: Discovering "D:\\VS Code\\Peixeiro Raiz\\client\\src\\components\\ui\\field.tsx"
2026-01-09T01:49:15.597826Z  INFO scan_sources: tailwindcss_oxide::scanner: Discovering "D:\\VS Code\\Peixeiro Raiz\\client\\src\\components\\ui\\form.tsx"
2026-01-09T01:49:15.597865Z  INFO scan_sources: tailwindcss_oxide::scanner: Discovering "D:\\VS Code\\Peixeiro Raiz\\client\\src\\components\\ui\\hover-card.tsx"
2026-01-09T01:49:15.597904Z  INFO scan_sources: tailwindcss_oxide::scanner: Discovering "D:\\VS Code\\Peixeiro Raiz\\client\\src\\components\\ui\\input-group.tsx"
2026-01-09T01:49:15.597948Z  INFO scan_sources: tailwindcss_oxide::scanner: Discovering "D:\\VS Code\\Peixeiro Raiz\\client\\src\\components\\ui\\input-otp.tsx"
2026-01-09T01:49:15.597986Z  INFO scan_sources: tailwindcss_oxide::scanner: Discovering "D:\\VS Code\\Peixeiro Raiz\\client\\src\\components\\ui\\input.tsx"
2026-01-09T01:49:15.598024Z  INFO scan_sources: tailwindcss_oxide::scanner: Discovering "D:\\VS Code\\Peixeiro Raiz\\client\\src\\components\\ui\\item.tsx"
2026-01-09T01:49:15.598062Z  INFO scan_sources: tailwindcss_oxide::scanner: Discovering "D:\\VS Code\\Peixeiro Raiz\\client\\src\\components\\ui\\kbd.tsx"
2026-01-09T01:49:15.598099Z  INFO scan_sources: tailwindcss_oxide::scanner: Discovering "D:\\VS Code\\Peixeiro Raiz\\client\\src\\components\\ui\\label.tsx"
2026-01-09T01:49:15.598137Z  INFO scan_sources: tailwindcss_oxide::scanner: Discovering "D:\\VS Code\\Peixeiro Raiz\\client\\src\\components\\ui\\menubar.tsx"
2026-01-09T01:49:15.598177Z  INFO scan_sources: tailwindcss_oxide::scanner: Discovering "D:\\VS Code\\Peixeiro Raiz\\client\\src\\components\\ui\\navigation-menu.tsx"
2026-01-09T01:49:15.598215Z  INFO scan_sources: tailwindcss_oxide::scanner: Discovering "D:\\VS Code\\Peixeiro Raiz\\client\\src\\components\\ui\\pagination.tsx"
2026-01-09T01:49:15.598254Z  INFO scan_sources: tailwindcss_oxide::scanner: Discovering "D:\\VS Code\\Peixeiro Raiz\\client\\src\\components\\ui\\popover.tsx"
2026-01-09T01:49:15.598292Z  INFO scan_sources: tailwindcss_oxide::scanner: Discovering "D:\\VS Code\\Peixeiro Raiz\\client\\src\\components\\ui\\progress.tsx"
2026-01-09T01:49:15.598352Z  INFO scan_sources: tailwindcss_oxide::scanner: Discovering "D:\\VS Code\\Peixeiro Raiz\\client\\src\\components\\ui\\radio-group.tsx"
2026-01-09T01:49:15.598391Z  INFO scan_sources: tailwindcss_oxide::scanner: Discovering "D:\\VS Code\\Peixeiro Raiz\\client\\src\\components\\ui\\resizable.tsx"
2026-01-09T01:49:15.598429Z  INFO scan_sources: tailwindcss_oxide::scanner: Discovering "D:\\VS Code\\Peixeiro Raiz\\client\\src\\components\\ui\\scroll-area.tsx"
2026-01-09T01:49:15.598467Z  INFO scan_sources: tailwindcss_oxide::scanner: Discovering "D:\\VS Code\\Peixeiro Raiz\\client\\src\\components\\ui\\select.tsx"
2026-01-09T01:49:15.598505Z  INFO scan_sources: tailwindcss_oxide::scanner: Discovering "D:\\VS Code\\Peixeiro Raiz\\client\\src\\components\\ui\\separator.tsx"
2026-01-09T01:49:15.598543Z  INFO scan_sources: tailwindcss_oxide::scanner: Discovering "D:\\VS Code\\Peixeiro Raiz\\client\\src\\components\\ui\\sheet.tsx"
2026-01-09T01:49:15.598583Z  INFO scan_sources: tailwindcss_oxide::scanner: Discovering "D:\\VS Code\\Peixeiro Raiz\\client\\src\\components\\ui\\sidebar.tsx"
2026-01-09T01:49:15.598629Z  INFO scan_sources: tailwindcss_oxide::scanner: Discovering "D:\\VS Code\\Peixeiro Raiz\\client\\src\\components\\ui\\skeleton.tsx"
2026-01-09T01:49:15.598668Z  INFO scan_sources: tailwindcss_oxide::scanner: Discovering "D:\\VS Code\\Peixeiro Raiz\\client\\src\\components\\ui\\slider.tsx"
2026-01-09T01:49:15.598705Z  INFO scan_sources: tailwindcss_oxide::scanner: Discovering "D:\\VS Code\\Peixeiro Raiz\\client\\src\\components\\ui\\sonner.tsx"
2026-01-09T01:49:15.598742Z  INFO scan_sources: tailwindcss_oxide::scanner: Discovering "D:\\VS Code\\Peixeiro Raiz\\client\\src\\components\\ui\\spinner.tsx"
2026-01-09T01:49:15.598779Z  INFO scan_sources: tailwindcss_oxide::scanner: Discovering "D:\\VS Code\\Peixeiro Raiz\\client\\src\\components\\ui\\switch.tsx"
2026-01-09T01:49:15.598818Z  INFO scan_sources: tailwindcss_oxide::scanner: Discovering "D:\\VS Code\\Peixeiro Raiz\\client\\src\\components\\ui\\table.tsx"
2026-01-09T01:49:15.598862Z  INFO scan_sources: tailwindcss_oxide::scanner: Discovering "D:\\VS Code\\Peixeiro Raiz\\client\\src\\components\\ui\\tabs.tsx"
2026-01-09T01:49:15.598901Z  INFO scan_sources: tailwindcss_oxide::scanner: Discovering "D:\\VS Code\\Peixeiro Raiz\\client\\src\\components\\ui\\textarea.tsx"
2026-01-09T01:49:15.598938Z  INFO scan_sources: tailwindcss_oxide::scanner: Discovering "D:\\VS Code\\Peixeiro Raiz\\client\\src\\components\\ui\\toast.tsx"
2026-01-09T01:49:15.598976Z  INFO scan_sources: tailwindcss_oxide::scanner: Discovering "D:\\VS Code\\Peixeiro Raiz\\client\\src\\components\\ui\\toaster.tsx"
2026-01-09T01:49:15.599014Z  INFO scan_sources: tailwindcss_oxide::scanner: Discovering "D:\\VS Code\\Peixeiro Raiz\\client\\src\\components\\ui\\toggle-group.tsx"
2026-01-09T01:49:15.599051Z  INFO scan_sources: tailwindcss_oxide::scanner: Discovering "D:\\VS Code\\Peixeiro Raiz\\client\\src\\components\\ui\\toggle.tsx"
2026-01-09T01:49:15.599088Z  INFO scan_sources: tailwindcss_oxide::scanner: Discovering "D:\\VS Code\\Peixeiro Raiz\\client\\src\\components\\ui\\tooltip.tsx"
2026-01-09T01:49:15.599171Z  INFO scan_sources: tailwindcss_oxide::scanner: Discovering "D:\\VS Code\\Peixeiro Raiz\\client\\src\\hooks"
2026-01-09T01:49:15.599250Z  INFO scan_sources: tailwindcss_oxide::scanner: Discovering "D:\\VS Code\\Peixeiro Raiz\\client\\src\\hooks\\use-auth.tsx"
2026-01-09T01:49:15.599295Z  INFO scan_sources: tailwindcss_oxide::scanner: Discovering "D:\\VS Code\\Peixeiro Raiz\\client\\src\\hooks\\use-mobile.tsx"
2026-01-09T01:49:15.599336Z  INFO scan_sources: tailwindcss_oxide::scanner: Discovering "D:\\VS Code\\Peixeiro Raiz\\client\\src\\hooks\\use-toast.ts"
2026-01-09T01:49:15.599386Z  INFO scan_sources: tailwindcss_oxide::scanner: Discovering "D:\\VS Code\\Peixeiro Raiz\\client\\src\\index.css"
2026-01-09T01:49:15.599444Z  INFO scan_sources: tailwindcss_oxide::scanner: Discovering "D:\\VS Code\\Peixeiro Raiz\\client\\src\\lib"
2026-01-09T01:49:15.599525Z  INFO scan_sources: tailwindcss_oxide::scanner: Discovering "D:\\VS Code\\Peixeiro Raiz\\client\\src\\lib\\api.ts"
2026-01-09T01:49:15.599566Z  INFO scan_sources: tailwindcss_oxide::scanner: Discovering "D:\\VS Code\\Peixeiro Raiz\\client\\src\\lib\\engine.ts"
2026-01-09T01:49:15.599603Z  INFO scan_sources: tailwindcss_oxide::scanner: Discovering "D:\\VS Code\\Peixeiro Raiz\\client\\src\\lib\\queryClient.ts"
2026-01-09T01:49:15.599641Z  INFO scan_sources: tailwindcss_oxide::scanner: Discovering "D:\\VS Code\\Peixeiro Raiz\\client\\src\\lib\\supabase.ts"
2026-01-09T01:49:15.599678Z  INFO scan_sources: tailwindcss_oxide::scanner: Discovering "D:\\VS Code\\Peixeiro Raiz\\client\\src\\lib\\types.ts"
2026-01-09T01:49:15.599715Z  INFO scan_sources: tailwindcss_oxide::scanner: Discovering "D:\\VS Code\\Peixeiro Raiz\\client\\src\\lib\\utils.ts"
2026-01-09T01:49:15.599763Z  INFO scan_sources: tailwindcss_oxide::scanner: Discovering "D:\\VS Code\\Peixeiro Raiz\\client\\src\\main.tsx"
2026-01-09T01:49:15.599820Z  INFO scan_sources: tailwindcss_oxide::scanner: Discovering "D:\\VS Code\\Peixeiro Raiz\\client\\src\\pages"
2026-01-09T01:49:15.599896Z  INFO scan_sources: tailwindcss_oxide::scanner: Discovering "D:\\VS Code\\Peixeiro Raiz\\client\\src\\pages\\auth.tsx"
2026-01-09T01:49:15.599933Z  INFO scan_sources: tailwindcss_oxide::scanner: Discovering "D:\\VS Code\\Peixeiro Raiz\\client\\src\\pages\\calculator.tsx"
2026-01-09T01:49:15.599970Z  INFO scan_sources: tailwindcss_oxide::scanner: Discovering "D:\\VS Code\\Peixeiro Raiz\\client\\src\\pages\\history.tsx"
2026-01-09T01:49:15.600009Z  INFO scan_sources: tailwindcss_oxide::scanner: Discovering "D:\\VS Code\\Peixeiro Raiz\\client\\src\\pages\\not-found.tsx"
2026-01-09T01:49:15.600048Z  INFO scan_sources: tailwindcss_oxide::scanner: Discovering "D:\\VS Code\\Peixeiro Raiz\\client\\src\\pages\\paywall.tsx"
2026-01-09T01:49:15.600120Z  INFO scan_sources: tailwindcss_oxide::scanner: Discovering "D:\\VS Code\\Peixeiro Raiz\\components.json"
2026-01-09T01:49:15.600159Z  INFO scan_sources: tailwindcss_oxide::scanner: Discovering "D:\\VS Code\\Peixeiro Raiz\\detailed_rows.txt"
2026-01-09T01:49:15.600218Z  INFO scan_sources: tailwindcss_oxide::scanner: Discovering "D:\\VS Code\\Peixeiro Raiz\\docs"
2026-01-09T01:49:15.600301Z  INFO scan_sources: tailwindcss_oxide::scanner: Discovering "D:\\VS Code\\Peixeiro Raiz\\docs\\LOGICA_CALCULO_TECNICO.md"
2026-01-09T01:49:15.600344Z  INFO scan_sources: tailwindcss_oxide::scanner: Discovering "D:\\VS Code\\Peixeiro Raiz\\docs\\PASSO 1 — PRD TÉCNICO, já amarrado.txt"
2026-01-09T01:49:15.600394Z  INFO scan_sources: tailwindcss_oxide::scanner: Discovering "D:\\VS Code\\Peixeiro Raiz\\docs\\Requirement.md"
2026-01-09T01:49:15.600444Z  INFO scan_sources: tailwindcss_oxide::scanner: Discovering "D:\\VS Code\\Peixeiro Raiz\\drizzle.config.ts"
2026-01-09T01:49:15.600483Z  INFO scan_sources: tailwindcss_oxide::scanner: Discovering "D:\\VS Code\\Peixeiro Raiz\\dump_excel.py"
2026-01-09T01:49:15.600520Z  INFO scan_sources: tailwindcss_oxide::scanner: Discovering "D:\\VS Code\\Peixeiro Raiz\\dump_rows.py"
2026-01-09T01:49:15.600558Z  INFO scan_sources: tailwindcss_oxide::scanner: Discovering "D:\\VS Code\\Peixeiro Raiz\\engine_data.json"
2026-01-09T01:49:15.600596Z  INFO scan_sources: tailwindcss_oxide::scanner: Discovering "D:\\VS Code\\Peixeiro Raiz\\excel_dump.json"
2026-01-09T01:49:15.600634Z  INFO scan_sources: tailwindcss_oxide::scanner: Discovering "D:\\VS Code\\Peixeiro Raiz\\excel_structure.txt"
2026-01-09T01:49:15.600672Z  INFO scan_sources: tailwindcss_oxide::scanner: Discovering "D:\\VS Code\\Peixeiro Raiz\\extract_engine_data.py"
2026-01-09T01:49:15.600712Z  INFO scan_sources: tailwindcss_oxide::scanner: Discovering "D:\\VS Code\\Peixeiro Raiz\\index.html"
2026-01-09T01:49:15.600748Z  INFO scan_sources: tailwindcss_oxide::scanner: Discovering "D:\\VS Code\\Peixeiro Raiz\\inspect_excel.py"
2026-01-09T01:49:15.600787Z  INFO scan_sources: tailwindcss_oxide::scanner: Discovering "D:\\VS Code\\Peixeiro Raiz\\netlify.toml"
2026-01-09T01:49:15.600948Z  INFO scan_sources: tailwindcss_oxide::scanner: Discovering "D:\\VS Code\\Peixeiro Raiz\\package.json"
2026-01-09T01:49:15.600987Z  INFO scan_sources: tailwindcss_oxide::scanner: Discovering "D:\\VS Code\\Peixeiro Raiz\\postcss.config.js"
2026-01-09T01:49:15.601027Z  INFO scan_sources: tailwindcss_oxide::scanner: Discovering "D:\\VS Code\\Peixeiro Raiz\\render.yaml"
2026-01-09T01:49:15.601084Z  INFO scan_sources: tailwindcss_oxide::scanner: Discovering "D:\\VS Code\\Peixeiro Raiz\\script"
2026-01-09T01:49:15.601161Z  INFO scan_sources: tailwindcss_oxide::scanner: Discovering "D:\\VS Code\\Peixeiro Raiz\\script\\build.ts"
2026-01-09T01:49:15.601229Z  INFO scan_sources: tailwindcss_oxide::scanner: Discovering "D:\\VS Code\\Peixeiro Raiz\\server"
2026-01-09T01:49:15.601311Z  INFO scan_sources: tailwindcss_oxide::scanner: Discovering "D:\\VS Code\\Peixeiro Raiz\\server\\index.ts"
2026-01-09T01:49:15.601369Z  INFO scan_sources: tailwindcss_oxide::scanner: Discovering "D:\\VS Code\\Peixeiro Raiz\\server\\lib"
2026-01-09T01:49:15.601444Z  INFO scan_sources: tailwindcss_oxide::scanner: Discovering "D:\\VS Code\\Peixeiro Raiz\\server\\lib\\logger.ts"
2026-01-09T01:49:15.601511Z  INFO scan_sources: tailwindcss_oxide::scanner: Discovering "D:\\VS Code\\Peixeiro Raiz\\server\\middleware"
2026-01-09T01:49:15.601586Z  INFO scan_sources: tailwindcss_oxide::scanner: Discovering "D:\\VS Code\\Peixeiro Raiz\\server\\middleware\\auth.ts"
2026-01-09T01:49:15.601626Z  INFO scan_sources: tailwindcss_oxide::scanner: Discovering "D:\\VS Code\\Peixeiro Raiz\\server\\middleware\\logger.ts"
2026-01-09T01:49:15.601692Z  INFO scan_sources: tailwindcss_oxide::scanner: Discovering "D:\\VS Code\\Peixeiro Raiz\\server\\repositories"
2026-01-09T01:49:15.601767Z  INFO scan_sources: tailwindcss_oxide::scanner: Discovering "D:\\VS Code\\Peixeiro Raiz\\server\\repositories\\simulations.ts"
2026-01-09T01:49:15.601815Z  INFO scan_sources: tailwindcss_oxide::scanner: Discovering "D:\\VS Code\\Peixeiro Raiz\\server\\routes.ts"
2026-01-09T01:49:15.601852Z  INFO scan_sources: tailwindcss_oxide::scanner: Discovering "D:\\VS Code\\Peixeiro Raiz\\server\\static.ts"
2026-01-09T01:49:15.601889Z  INFO scan_sources: tailwindcss_oxide::scanner: Discovering "D:\\VS Code\\Peixeiro Raiz\\server\\storage.ts"
2026-01-09T01:49:15.601931Z  INFO scan_sources: tailwindcss_oxide::scanner: Discovering "D:\\VS Code\\Peixeiro Raiz\\server\\vite.ts"
2026-01-09T01:49:15.601997Z  INFO scan_sources: tailwindcss_oxide::scanner: Discovering "D:\\VS Code\\Peixeiro Raiz\\shared"
2026-01-09T01:49:15.602070Z  INFO scan_sources: tailwindcss_oxide::scanner: Discovering "D:\\VS Code\\Peixeiro Raiz\\shared\\engine.test.ts"
2026-01-09T01:49:15.602107Z  INFO scan_sources: tailwindcss_oxide::scanner: Discovering "D:\\VS Code\\Peixeiro Raiz\\shared\\engine.ts"
2026-01-09T01:49:15.602144Z  INFO scan_sources: tailwindcss_oxide::scanner: Discovering "D:\\VS Code\\Peixeiro Raiz\\shared\\schema.ts"
2026-01-09T01:49:15.602209Z  INFO scan_sources: tailwindcss_oxide::scanner: Discovering "D:\\VS Code\\Peixeiro Raiz\\supabase"
2026-01-09T01:49:15.602299Z  INFO scan_sources: tailwindcss_oxide::scanner: Discovering "D:\\VS Code\\Peixeiro Raiz\\supabase\\functions"
2026-01-09T01:49:15.602390Z  INFO scan_sources: tailwindcss_oxide::scanner: Discovering "D:\\VS Code\\Peixeiro Raiz\\supabase\\functions\\calculate"
2026-01-09T01:49:15.602464Z  INFO scan_sources: tailwindcss_oxide::scanner: Discovering "D:\\VS Code\\Peixeiro Raiz\\supabase\\functions\\calculate\\index.ts"
2026-01-09T01:49:15.602512Z  INFO scan_sources: tailwindcss_oxide::scanner: Discovering "D:\\VS Code\\Peixeiro Raiz\\supabase\\functions\\deno.json"
2026-01-09T01:49:15.602570Z  INFO scan_sources: tailwindcss_oxide::scanner: Discovering "D:\\VS Code\\Peixeiro Raiz\\supabase\\functions\\_shared"
2026-01-09T01:49:15.602654Z  INFO scan_sources: tailwindcss_oxide::scanner: Discovering "D:\\VS Code\\Peixeiro Raiz\\supabase\\functions\\_shared\\engine.ts"
2026-01-09T01:49:15.602735Z  INFO scan_sources: tailwindcss_oxide::scanner: Discovering "D:\\VS Code\\Peixeiro Raiz\\tsconfig.json"
2026-01-09T01:49:15.602777Z  INFO scan_sources: tailwindcss_oxide::scanner: Discovering "D:\\VS Code\\Peixeiro Raiz\\vite-plugin-meta-images.ts"
2026-01-09T01:49:15.602821Z  INFO scan_sources: tailwindcss_oxide::scanner: Discovering "D:\\VS Code\\Peixeiro Raiz\\vite.config.ts"
2026-01-09T01:49:15.602858Z  INFO scan_sources: tailwindcss_oxide::scanner: Discovering "D:\\VS Code\\Peixeiro Raiz\\vitest.config.ts"
2026-01-09T01:49:15.602921Z  INFO scan_sources: tailwindcss_oxide::scanner: exit
2026-01-09T01:49:15.602928Z  INFO extract_candidates: tailwindcss_oxide::scanner: enter
2026-01-09T01:49:15.602936Z  INFO extract_candidates:read_all_files: tailwindcss_oxide::scanner: enter
2026-01-09T01:49:15.602939Z  INFO extract_candidates:read_all_files: tailwindcss_oxide::scanner: Reading 116 file(s)
2026-01-09T01:49:15.604385Z  INFO tailwindcss_oxide::scanner: Reading "D:\\VS Code\\Peixeiro Raiz\\.env.example"
2026-01-09T01:49:15.604379Z  INFO tailwindcss_oxide::scanner: Reading "D:\\VS Code\\Peixeiro Raiz\\client\\src\\components\\ui\\toast.tsx"
2026-01-09T01:49:15.604379Z  INFO tailwindcss_oxide::scanner: Reading "D:\\VS Code\\Peixeiro Raiz\\client\\src\\components\\ui\\breadcrumb.tsx"
2026-01-09T01:49:15.604390Z  INFO tailwindcss_oxide::scanner: Reading "D:\\VS Code\\Peixeiro Raiz\\client\\src\\components\\ui\\field.tsx"
2026-01-09T01:49:15.604476Z  INFO tailwindcss_oxide::scanner: Reading "D:\\VS Code\\Peixeiro Raiz\\client\\src\\components\\ui\\toaster.tsx"
2026-01-09T01:49:15.604503Z  INFO tailwindcss_oxide::scanner: Reading "D:\\VS Code\\Peixeiro Raiz\\.replit"
2026-01-09T01:49:15.604525Z  INFO tailwindcss_oxide::scanner: Reading "D:\\VS Code\\Peixeiro Raiz\\client\\src\\components\\ui\\button-group.tsx"
2026-01-09T01:49:15.604526Z  INFO tailwindcss_oxide::scanner: Reading "D:\\VS Code\\Peixeiro Raiz\\client\\src\\components\\ui\\form.tsx"
2026-01-09T01:49:15.604540Z  INFO tailwindcss_oxide::scanner: Reading "D:\\VS Code\\Peixeiro Raiz\\client\\src\\components\\ui\\toggle-group.tsx"
2026-01-09T01:49:15.604577Z  INFO tailwindcss_oxide::scanner: Reading "D:\\VS Code\\Peixeiro Raiz\\attached_assets\\Pasted-Perfeito-Continuando-sem-perder-rigor-Agora-entramos-no_1767829950666.txt"
2026-01-09T01:49:15.604598Z  INFO tailwindcss_oxide::scanner: Reading "D:\\VS Code\\Peixeiro Raiz\\client\\src\\components\\ui\\hover-card.tsx"
2026-01-09T01:49:15.604598Z  INFO tailwindcss_oxide::scanner: Reading "D:\\VS Code\\Peixeiro Raiz\\client\\src\\components\\ui\\button.tsx"
2026-01-09T01:49:15.604604Z  INFO tailwindcss_oxide::scanner: Reading "D:\\VS Code\\Peixeiro Raiz\\client\\src\\components\\ui\\toggle.tsx"
2026-01-09T01:49:15.604641Z  INFO tailwindcss_oxide::scanner: Reading "D:\\VS Code\\Peixeiro Raiz\\client\\public\\_redirects"
2026-01-09T01:49:15.604669Z  INFO tailwindcss_oxide::scanner: Reading "D:\\VS Code\\Peixeiro Raiz\\client\\src\\components\\ui\\tooltip.tsx"
2026-01-09T01:49:15.604671Z  INFO tailwindcss_oxide::scanner: Reading "D:\\VS Code\\Peixeiro Raiz\\client\\src\\components\\ui\\input-group.tsx"
2026-01-09T01:49:15.604674Z  INFO tailwindcss_oxide::scanner: Reading "D:\\VS Code\\Peixeiro Raiz\\client\\src\\components\\ui\\calendar.tsx"
2026-01-09T01:49:15.604700Z  INFO tailwindcss_oxide::scanner: Reading "D:\\VS Code\\Peixeiro Raiz\\client\\src\\App.tsx"
2026-01-09T01:49:15.604730Z  INFO tailwindcss_oxide::scanner: Reading "D:\\VS Code\\Peixeiro Raiz\\client\\src\\hooks\\use-auth.tsx"
2026-01-09T01:49:15.604739Z  INFO tailwindcss_oxide::scanner: Reading "D:\\VS Code\\Peixeiro Raiz\\client\\src\\components\\ui\\input-otp.tsx"
2026-01-09T01:49:15.604741Z  INFO tailwindcss_oxide::scanner: Reading "D:\\VS Code\\Peixeiro Raiz\\client\\src\\components\\ui\\card.tsx"
2026-01-09T01:49:15.604763Z  INFO tailwindcss_oxide::scanner: Reading "D:\\VS Code\\Peixeiro Raiz\\client\\src\\components\\error-boundary.tsx"
2026-01-09T01:49:15.604788Z  INFO tailwindcss_oxide::scanner: Reading "D:\\VS Code\\Peixeiro Raiz\\client\\src\\hooks\\use-mobile.tsx"
2026-01-09T01:49:15.604803Z  INFO tailwindcss_oxide::scanner: Reading "D:\\VS Code\\Peixeiro Raiz\\client\\src\\components\\ui\\input.tsx"
2026-01-09T01:49:15.604805Z  INFO tailwindcss_oxide::scanner: Reading "D:\\VS Code\\Peixeiro Raiz\\client\\src\\components\\ui\\carousel.tsx"
2026-01-09T01:49:15.604831Z  INFO tailwindcss_oxide::scanner: Reading "D:\\VS Code\\Peixeiro Raiz\\client\\src\\components\\layout.tsx"
2026-01-09T01:49:15.604852Z  INFO tailwindcss_oxide::scanner: Reading "D:\\VS Code\\Peixeiro Raiz\\client\\src\\hooks\\use-toast.ts"
2026-01-09T01:49:15.604876Z  INFO tailwindcss_oxide::scanner: Reading "D:\\VS Code\\Peixeiro Raiz\\client\\src\\components\\ui\\item.tsx"
2026-01-09T01:49:15.604883Z  INFO tailwindcss_oxide::scanner: Reading "D:\\VS Code\\Peixeiro Raiz\\client\\src\\components\\ui\\chart.tsx"
2026-01-09T01:49:15.604904Z  INFO tailwindcss_oxide::scanner: Reading "D:\\VS Code\\Peixeiro Raiz\\client\\src\\components\\protected-route.tsx"
2026-01-09T01:49:15.604912Z  INFO tailwindcss_oxide::scanner: Reading "D:\\VS Code\\Peixeiro Raiz\\client\\src\\lib\\api.ts"
2026-01-09T01:49:15.604952Z  INFO tailwindcss_oxide::scanner: Reading "D:\\VS Code\\Peixeiro Raiz\\client\\src\\components\\ui\\checkbox.tsx"
2026-01-09T01:49:15.604972Z  INFO tailwindcss_oxide::scanner: Reading "D:\\VS Code\\Peixeiro Raiz\\client\\src\\components\\ui\\accordion.tsx"
2026-01-09T01:49:15.604972Z  INFO tailwindcss_oxide::scanner: Reading "D:\\VS Code\\Peixeiro Raiz\\client\\src\\components\\ui\\kbd.tsx"
2026-01-09T01:49:15.604982Z  INFO tailwindcss_oxide::scanner: Reading "D:\\VS Code\\Peixeiro Raiz\\client\\src\\lib\\engine.ts"
2026-01-09T01:49:15.605013Z  INFO tailwindcss_oxide::scanner: Reading "D:\\VS Code\\Peixeiro Raiz\\client\\src\\components\\ui\\collapsible.tsx"
2026-01-09T01:49:15.605033Z  INFO tailwindcss_oxide::scanner: Reading "D:\\VS Code\\Peixeiro Raiz\\client\\src\\components\\ui\\alert-dialog.tsx"
2026-01-09T01:49:15.605039Z  INFO tailwindcss_oxide::scanner: Reading "D:\\VS Code\\Peixeiro Raiz\\client\\src\\components\\ui\\label.tsx"
2026-01-09T01:49:15.605045Z  INFO tailwindcss_oxide::scanner: Reading "D:\\VS Code\\Peixeiro Raiz\\client\\src\\lib\\queryClient.ts"
2026-01-09T01:49:15.605077Z  INFO tailwindcss_oxide::scanner: Reading "D:\\VS Code\\Peixeiro Raiz\\client\\src\\components\\ui\\command.tsx"
2026-01-09T01:49:15.605100Z  INFO tailwindcss_oxide::scanner: Reading "D:\\VS Code\\Peixeiro Raiz\\client\\src\\components\\ui\\alert.tsx"
2026-01-09T01:49:15.605107Z  INFO tailwindcss_oxide::scanner: Reading "D:\\VS Code\\Peixeiro Raiz\\client\\src\\lib\\supabase.ts"
2026-01-09T01:49:15.605112Z  INFO tailwindcss_oxide::scanner: Reading "D:\\VS Code\\Peixeiro Raiz\\client\\src\\components\\ui\\menubar.tsx"
2026-01-09T01:49:15.605143Z  INFO tailwindcss_oxide::scanner: Reading "D:\\VS Code\\Peixeiro Raiz\\client\\src\\components\\ui\\context-menu.tsx"
2026-01-09T01:49:15.605162Z  INFO tailwindcss_oxide::scanner: Reading "D:\\VS Code\\Peixeiro Raiz\\client\\src\\components\\ui\\aspect-ratio.tsx"
2026-01-09T01:49:15.605163Z  INFO tailwindcss_oxide::scanner: Reading "D:\\VS Code\\Peixeiro Raiz\\client\\src\\lib\\types.ts"
2026-01-09T01:49:15.605182Z  INFO tailwindcss_oxide::scanner: Reading "D:\\VS Code\\Peixeiro Raiz\\client\\src\\components\\ui\\navigation-menu.tsx"
2026-01-09T01:49:15.605203Z  INFO tailwindcss_oxide::scanner: Reading "D:\\VS Code\\Peixeiro Raiz\\client\\src\\components\\ui\\dialog.tsx"
2026-01-09T01:49:15.605224Z  INFO tailwindcss_oxide::scanner: Reading "D:\\VS Code\\Peixeiro Raiz\\client\\src\\lib\\utils.ts"
2026-01-09T01:49:15.605225Z  INFO tailwindcss_oxide::scanner: Reading "D:\\VS Code\\Peixeiro Raiz\\client\\src\\components\\ui\\avatar.tsx"
2026-01-09T01:49:15.605277Z  INFO tailwindcss_oxide::scanner: Reading "D:\\VS Code\\Peixeiro Raiz\\client\\src\\components\\ui\\pagination.tsx"
2026-01-09T01:49:15.605286Z  INFO tailwindcss_oxide::scanner: Reading "D:\\VS Code\\Peixeiro Raiz\\client\\src\\components\\ui\\badge.tsx"
2026-01-09T01:49:15.605311Z  INFO tailwindcss_oxide::scanner: Reading "D:\\VS Code\\Peixeiro Raiz\\client\\src\\components\\ui\\drawer.tsx"
2026-01-09T01:49:15.605329Z  INFO tailwindcss_oxide::scanner: Reading "D:\\VS Code\\Peixeiro Raiz\\client\\src\\main.tsx"
2026-01-09T01:49:15.605344Z  INFO tailwindcss_oxide::scanner: Reading "D:\\VS Code\\Peixeiro Raiz\\client\\src\\components\\ui\\popover.tsx"
2026-01-09T01:49:15.605362Z  INFO tailwindcss_oxide::scanner: Reading "D:\\VS Code\\Peixeiro Raiz\\client\\src\\components\\ui\\radio-group.tsx"
2026-01-09T01:49:15.605391Z  INFO tailwindcss_oxide::scanner: Reading "D:\\VS Code\\Peixeiro Raiz\\client\\src\\components\\ui\\dropdown-menu.tsx"
2026-01-09T01:49:15.605409Z  INFO tailwindcss_oxide::scanner: Reading "D:\\VS Code\\Peixeiro Raiz\\client\\src\\components\\ui\\progress.tsx"
2026-01-09T01:49:15.605409Z  INFO tailwindcss_oxide::scanner: Reading "D:\\VS Code\\Peixeiro Raiz\\client\\src\\pages\\auth.tsx"
2026-01-09T01:49:15.605435Z  INFO tailwindcss_oxide::scanner: Reading "D:\\VS Code\\Peixeiro Raiz\\client\\src\\components\\ui\\resizable.tsx"
2026-01-09T01:49:15.605472Z  INFO tailwindcss_oxide::scanner: Reading "D:\\VS Code\\Peixeiro Raiz\\client\\src\\components\\ui\\empty.tsx"
2026-01-09T01:49:15.605476Z  INFO tailwindcss_oxide::scanner: Reading "D:\\VS Code\\Peixeiro Raiz\\client\\src\\components\\ui\\skeleton.tsx"
2026-01-09T01:49:15.605492Z  INFO tailwindcss_oxide::scanner: Reading "D:\\VS Code\\Peixeiro Raiz\\client\\src\\pages\\calculator.tsx"
2026-01-09T01:49:15.605501Z  INFO tailwindcss_oxide::scanner: Reading "D:\\VS Code\\Peixeiro Raiz\\client\\src\\components\\ui\\scroll-area.tsx"
2026-01-09T01:49:15.605539Z  INFO tailwindcss_oxide::scanner: Reading "D:\\VS Code\\Peixeiro Raiz\\client\\src\\components\\ui\\slider.tsx"
2026-01-09T01:49:15.605564Z  INFO tailwindcss_oxide::scanner: Reading "D:\\VS Code\\Peixeiro Raiz\\excel_dump.json"
2026-01-09T01:49:15.605577Z  INFO tailwindcss_oxide::scanner: Reading "D:\\VS Code\\Peixeiro Raiz\\client\\src\\components\\ui\\select.tsx"
2026-01-09T01:49:15.605582Z  INFO tailwindcss_oxide::scanner: Reading "D:\\VS Code\\Peixeiro Raiz\\client\\src\\pages\\history.tsx"
2026-01-09T01:49:15.605619Z  INFO tailwindcss_oxide::scanner: Reading "D:\\VS Code\\Peixeiro Raiz\\client\\src\\components\\ui\\sonner.tsx"
2026-01-09T01:49:15.605660Z  INFO tailwindcss_oxide::scanner: Reading "D:\\VS Code\\Peixeiro Raiz\\client\\src\\pages\\not-found.tsx"
2026-01-09T01:49:15.605670Z  INFO tailwindcss_oxide::scanner: Reading "D:\\VS Code\\Peixeiro Raiz\\client\\src\\components\\ui\\separator.tsx"
2026-01-09T01:49:15.605679Z  INFO tailwindcss_oxide::scanner: Reading "D:\\VS Code\\Peixeiro Raiz\\client\\src\\components\\ui\\spinner.tsx"
2026-01-09T01:49:15.605729Z  INFO tailwindcss_oxide::scanner: Reading "D:\\VS Code\\Peixeiro Raiz\\client\\src\\pages\\paywall.tsx"
2026-01-09T01:49:15.605737Z  INFO tailwindcss_oxide::scanner: Reading "D:\\VS Code\\Peixeiro Raiz\\client\\src\\components\\ui\\switch.tsx"
2026-01-09T01:49:15.605741Z  INFO tailwindcss_oxide::scanner: Reading "D:\\VS Code\\Peixeiro Raiz\\client\\src\\components\\ui\\sheet.tsx"
2026-01-09T01:49:15.605785Z  INFO tailwindcss_oxide::scanner: Reading "D:\\VS Code\\Peixeiro Raiz\\excel_structure.txt"
2026-01-09T01:49:15.605801Z  INFO tailwindcss_oxide::scanner: Reading "D:\\VS Code\\Peixeiro Raiz\\client\\src\\components\\ui\\table.tsx"
2026-01-09T01:49:15.605805Z  INFO tailwindcss_oxide::scanner: Reading "D:\\VS Code\\Peixeiro Raiz\\components.json"
2026-01-09T01:49:15.605825Z  INFO tailwindcss_oxide::scanner: Reading "D:\\VS Code\\Peixeiro Raiz\\client\\src\\components\\ui\\sidebar.tsx"
2026-01-09T01:49:15.605864Z  INFO tailwindcss_oxide::scanner: Reading "D:\\VS Code\\Peixeiro Raiz\\client\\src\\components\\ui\\tabs.tsx"
2026-01-09T01:49:15.605873Z  INFO tailwindcss_oxide::scanner: Reading "D:\\VS Code\\Peixeiro Raiz\\extract_engine_data.py"
2026-01-09T01:49:15.605885Z  INFO tailwindcss_oxide::scanner: Reading "D:\\VS Code\\Peixeiro Raiz\\detailed_rows.txt"
2026-01-09T01:49:15.605897Z  INFO tailwindcss_oxide::scanner: Reading "D:\\VS Code\\Peixeiro Raiz\\client\\src\\components\\ui\\textarea.tsx"
2026-01-09T01:49:15.605956Z  INFO tailwindcss_oxide::scanner: Reading "D:\\VS Code\\Peixeiro Raiz\\index.html"
2026-01-09T01:49:15.606224Z  INFO tailwindcss_oxide::scanner: Reading "D:\\VS Code\\Peixeiro Raiz\\inspect_excel.py"
2026-01-09T01:49:15.606327Z  INFO tailwindcss_oxide::scanner: Reading "D:\\VS Code\\Peixeiro Raiz\\netlify.toml"
2026-01-09T01:49:15.606331Z  INFO tailwindcss_oxide::scanner: Reading "D:\\VS Code\\Peixeiro Raiz\\dump_rows.py"
2026-01-09T01:49:15.606400Z  INFO tailwindcss_oxide::scanner: Reading "D:\\VS Code\\Peixeiro Raiz\\package.json"
2026-01-09T01:49:15.606475Z  INFO tailwindcss_oxide::scanner: Reading "D:\\VS Code\\Peixeiro Raiz\\postcss.config.js"
2026-01-09T01:49:15.606542Z  INFO tailwindcss_oxide::scanner: Reading "D:\\VS Code\\Peixeiro Raiz\\render.yaml"
2026-01-09T01:49:15.605951Z  INFO tailwindcss_oxide::scanner: Reading "D:\\VS Code\\Peixeiro Raiz\\drizzle.config.ts"
2026-01-09T01:49:15.606633Z  INFO tailwindcss_oxide::scanner: Reading "D:\\VS Code\\Peixeiro Raiz\\script\\build.ts"
2026-01-09T01:49:15.606716Z  INFO tailwindcss_oxide::scanner: Reading "D:\\VS Code\\Peixeiro Raiz\\server\\index.ts"
2026-01-09T01:49:15.606686Z  INFO tailwindcss_oxide::scanner: Reading "D:\\VS Code\\Peixeiro Raiz\\engine_data.json"
2026-01-09T01:49:15.606785Z  INFO tailwindcss_oxide::scanner: Reading "D:\\VS Code\\Peixeiro Raiz\\server\\lib\\logger.ts"
2026-01-09T01:49:15.606849Z  INFO tailwindcss_oxide::scanner: Reading "D:\\VS Code\\Peixeiro Raiz\\server\\repositories\\simulations.ts"
2026-01-09T01:49:15.606856Z  INFO tailwindcss_oxide::scanner: Reading "D:\\VS Code\\Peixeiro Raiz\\server\\middleware\\auth.ts"
2026-01-09T01:49:15.606925Z  INFO tailwindcss_oxide::scanner: Reading "D:\\VS Code\\Peixeiro Raiz\\server\\middleware\\logger.ts"
2026-01-09T01:49:15.606923Z  INFO tailwindcss_oxide::scanner: Reading "D:\\VS Code\\Peixeiro Raiz\\server\\routes.ts"
2026-01-09T01:49:15.606999Z  INFO tailwindcss_oxide::scanner: Reading "D:\\VS Code\\Peixeiro Raiz\\shared\\schema.ts"
2026-01-09T01:49:15.606999Z  INFO tailwindcss_oxide::scanner: Reading "D:\\VS Code\\Peixeiro Raiz\\dump_excel.py"
2026-01-09T01:49:15.607007Z  INFO tailwindcss_oxide::scanner: Reading "D:\\VS Code\\Peixeiro Raiz\\server\\static.ts"
2026-01-09T01:49:15.607070Z  INFO tailwindcss_oxide::scanner: Reading "D:\\VS Code\\Peixeiro Raiz\\supabase\\functions\\calculate\\index.ts"
2026-01-09T01:49:15.607199Z  INFO tailwindcss_oxide::scanner: Reading "D:\\VS Code\\Peixeiro Raiz\\supabase\\functions\\deno.json"
2026-01-09T01:49:15.607289Z  INFO tailwindcss_oxide::scanner: Reading "D:\\VS Code\\Peixeiro Raiz\\supabase\\functions\\_shared\\engine.ts"
2026-01-09T01:49:15.607403Z  INFO tailwindcss_oxide::scanner: Reading "D:\\VS Code\\Peixeiro Raiz\\vite.config.ts"
2026-01-09T01:49:15.607474Z  INFO tailwindcss_oxide::scanner: Reading "D:\\VS Code\\Peixeiro Raiz\\vitest.config.ts"
2026-01-09T01:49:15.607549Z  INFO tailwindcss_oxide::scanner: Reading "D:\\VS Code\\Peixeiro Raiz\\shared\\engine.test.ts"
2026-01-09T01:49:15.607631Z  INFO tailwindcss_oxide::scanner: Reading "D:\\VS Code\\Peixeiro Raiz\\shared\\engine.ts"
2026-01-09T01:49:15.607717Z  INFO tailwindcss_oxide::scanner: Reading "D:\\VS Code\\Peixeiro Raiz\\vite-plugin-meta-images.ts"
2026-01-09T01:49:15.607790Z  INFO tailwindcss_oxide::scanner: Reading "D:\\VS Code\\Peixeiro Raiz\\server\\vite.ts"
2026-01-09T01:49:15.607945Z  INFO tailwindcss_oxide::scanner: Reading "D:\\VS Code\\Peixeiro Raiz\\tsconfig.json"
2026-01-09T01:49:15.605964Z  INFO tailwindcss_oxide::scanner: Reading "D:\\VS Code\\Peixeiro Raiz\\docs\\LOGICA_CALCULO_TECNICO.md"
2026-01-09T01:49:15.608026Z  INFO tailwindcss_oxide::scanner: Reading "D:\\VS Code\\Peixeiro Raiz\\server\\storage.ts"
2026-01-09T01:49:15.608229Z  INFO tailwindcss_oxide::scanner: Reading "D:\\VS Code\\Peixeiro Raiz\\docs\\PASSO 1 — PRD TÉCNICO, já amarrado.txt"
2026-01-09T01:49:15.608395Z  INFO tailwindcss_oxide::scanner: Reading "D:\\VS Code\\Peixeiro Raiz\\docs\\Requirement.md"
2026-01-09T01:49:15.628015Z  INFO extract_candidates:read_all_files: tailwindcss_oxide::scanner: exit
2026-01-09T01:49:15.628063Z  INFO extract_candidates:parse_all_blobs: tailwindcss_oxide::scanner: enter
2026-01-09T01:49:15.628072Z  INFO extract_candidates:parse_all_blobs:extract: tailwindcss_oxide::scanner: enter
2026-01-09T01:49:15.634400Z  INFO extract_candidates:parse_all_blobs:extract: tailwindcss_oxide::scanner: exit
2026-01-09T01:49:15.634446Z  INFO extract_candidates:parse_all_blobs: tailwindcss_oxide::scanner: exit
2026-01-09T01:49:15.634453Z  INFO extract_candidates:read_all_files: tailwindcss_oxide::scanner: enter
2026-01-09T01:49:15.634457Z  INFO extract_candidates:read_all_files: tailwindcss_oxide::scanner: Reading 1 file(s)
2026-01-09T01:49:15.634606Z  INFO extract_candidates:read_all_files: tailwindcss_oxide::scanner: Reading "D:\\VS Code\\Peixeiro Raiz\\client\\src\\index.css"
2026-01-09T01:49:15.634630Z  INFO extract_candidates:read_all_files: tailwindcss_oxide::scanner: exit
2026-01-09T01:49:15.634635Z  INFO extract_candidates:extract_css_variables: tailwindcss_oxide::scanner: enter
2026-01-09T01:49:15.634639Z  INFO extract_candidates:extract_css_variables:extract: tailwindcss_oxide::scanner: enter
2026-01-09T01:49:15.634756Z  INFO extract_candidates:extract_css_variables:extract: tailwindcss_oxide::scanner: exit
2026-01-09T01:49:15.634772Z  INFO extract_candidates:extract_css_variables: tailwindcss_oxide::scanner: exit
2026-01-09T01:49:15.636001Z  INFO extract_candidates: tailwindcss_oxide::scanner: exit
2026-01-09T01:49:15.638908Z  INFO get_files: tailwindcss_oxide::scanner: enter
2026-01-09T01:49:15.638941Z  INFO get_files:scan_sources: tailwindcss_oxide::scanner: enter
2026-01-09T01:49:15.639995Z  INFO get_files:scan_sources: tailwindcss_oxide::scanner: Discovering "D:\\VS Code\\Peixeiro Raiz\\attached_assets"
2026-01-09T01:49:15.640119Z  INFO get_files:scan_sources: tailwindcss_oxide::scanner: Discovering "D:\\VS Code\\Peixeiro Raiz\\attached_assets\\generated_images"
2026-01-09T01:49:15.640315Z  INFO get_files:scan_sources: tailwindcss_oxide::scanner: Discovering "D:\\VS Code\\Peixeiro Raiz\\client"
2026-01-09T01:49:15.640438Z  INFO get_files:scan_sources: tailwindcss_oxide::scanner: Discovering "D:\\VS Code\\Peixeiro Raiz\\client\\public"
2026-01-09T01:49:15.640850Z  INFO get_files:scan_sources: tailwindcss_oxide::scanner: Discovering "D:\\VS Code\\Peixeiro Raiz\\client\\src"
2026-01-09T01:49:15.641064Z  INFO get_files:scan_sources: tailwindcss_oxide::scanner: Discovering "D:\\VS Code\\Peixeiro Raiz\\client\\src\\components"
2026-01-09T01:49:15.641473Z  INFO get_files:scan_sources: tailwindcss_oxide::scanner: Discovering "D:\\VS Code\\Peixeiro Raiz\\client\\src\\components\\ui"
2026-01-09T01:49:15.644301Z  INFO get_files:scan_sources: tailwindcss_oxide::scanner: Discovering "D:\\VS Code\\Peixeiro Raiz\\client\\src\\hooks"
2026-01-09T01:49:15.644561Z  INFO get_files:scan_sources: tailwindcss_oxide::scanner: Discovering "D:\\VS Code\\Peixeiro Raiz\\client\\src\\lib"
2026-01-09T01:49:15.644847Z  INFO get_files:scan_sources: tailwindcss_oxide::scanner: Discovering "D:\\VS Code\\Peixeiro Raiz\\client\\src\\pages"
2026-01-09T01:49:15.645158Z  INFO get_files:scan_sources: tailwindcss_oxide::scanner: Discovering "D:\\VS Code\\Peixeiro Raiz\\docs"
2026-01-09T01:49:15.645755Z  INFO get_files:scan_sources: tailwindcss_oxide::scanner: Discovering "D:\\VS Code\\Peixeiro Raiz\\script"
2026-01-09T01:49:15.645886Z  INFO get_files:scan_sources: tailwindcss_oxide::scanner: Discovering "D:\\VS Code\\Peixeiro Raiz\\server"
2026-01-09T01:49:15.646006Z  INFO get_files:scan_sources: tailwindcss_oxide::scanner: Discovering "D:\\VS Code\\Peixeiro Raiz\\server\\lib"
2026-01-09T01:49:15.646133Z  INFO get_files:scan_sources: tailwindcss_oxide::scanner: Discovering "D:\\VS Code\\Peixeiro Raiz\\server\\middleware"
2026-01-09T01:49:15.646281Z  INFO get_files:scan_sources: tailwindcss_oxide::scanner: Discovering "D:\\VS Code\\Peixeiro Raiz\\server\\repositories"
2026-01-09T01:49:15.646509Z  INFO get_files:scan_sources: tailwindcss_oxide::scanner: Discovering "D:\\VS Code\\Peixeiro Raiz\\shared"
2026-01-09T01:49:15.646684Z  INFO get_files:scan_sources: tailwindcss_oxide::scanner: Discovering "D:\\VS Code\\Peixeiro Raiz\\supabase"
2026-01-09T01:49:15.646795Z  INFO get_files:scan_sources: tailwindcss_oxide::scanner: Discovering "D:\\VS Code\\Peixeiro Raiz\\supabase\\functions"
2026-01-09T01:49:15.646887Z  INFO get_files:scan_sources: tailwindcss_oxide::scanner: Discovering "D:\\VS Code\\Peixeiro Raiz\\supabase\\functions\\calculate"
2026-01-09T01:49:15.647033Z  INFO get_files:scan_sources: tailwindcss_oxide::scanner: Discovering "D:\\VS Code\\Peixeiro Raiz\\supabase\\functions\\_shared"
2026-01-09T01:49:15.647289Z  INFO get_files:scan_sources: tailwindcss_oxide::scanner: exit
2026-01-09T01:49:15.647609Z  INFO get_files: tailwindcss_oxide::scanner: exit
2026-01-09T01:49:15.647977Z  INFO get_globs: tailwindcss_oxide::scanner: enter
2026-01-09T01:49:15.647987Z  INFO get_globs:scan_sources: tailwindcss_oxide::scanner: enter
2026-01-09T01:49:15.648989Z  INFO get_globs:scan_sources: tailwindcss_oxide::scanner: Discovering "D:\\VS Code\\Peixeiro Raiz\\attached_assets"
2026-01-09T01:49:15.649121Z  INFO get_globs:scan_sources: tailwindcss_oxide::scanner: Discovering "D:\\VS Code\\Peixeiro Raiz\\attached_assets\\generated_images"
2026-01-09T01:49:15.649321Z  INFO get_globs:scan_sources: tailwindcss_oxide::scanner: Discovering "D:\\VS Code\\Peixeiro Raiz\\client"
2026-01-09T01:49:15.649441Z  INFO get_globs:scan_sources: tailwindcss_oxide::scanner: Discovering "D:\\VS Code\\Peixeiro Raiz\\client\\public"
2026-01-09T01:49:15.649597Z  INFO get_globs:scan_sources: tailwindcss_oxide::scanner: Discovering "D:\\VS Code\\Peixeiro Raiz\\client\\src"
2026-01-09T01:49:15.649764Z  INFO get_globs:scan_sources: tailwindcss_oxide::scanner: Discovering "D:\\VS Code\\Peixeiro Raiz\\client\\src\\components"
2026-01-09T01:49:15.649941Z  INFO get_globs:scan_sources: tailwindcss_oxide::scanner: Discovering "D:\\VS Code\\Peixeiro Raiz\\client\\src\\components\\ui"
2026-01-09T01:49:15.651203Z  INFO get_globs:scan_sources: tailwindcss_oxide::scanner: Discovering "D:\\VS Code\\Peixeiro Raiz\\client\\src\\hooks"
2026-01-09T01:49:15.651438Z  INFO get_globs:scan_sources: tailwindcss_oxide::scanner: Discovering "D:\\VS Code\\Peixeiro Raiz\\client\\src\\lib"
2026-01-09T01:49:15.651681Z  INFO get_globs:scan_sources: tailwindcss_oxide::scanner: Discovering "D:\\VS Code\\Peixeiro Raiz\\client\\src\\pages"
2026-01-09T01:49:15.651958Z  INFO get_globs:scan_sources: tailwindcss_oxide::scanner: Discovering "D:\\VS Code\\Peixeiro Raiz\\docs"
2026-01-09T01:49:15.652489Z  INFO get_globs:scan_sources: tailwindcss_oxide::scanner: Discovering "D:\\VS Code\\Peixeiro Raiz\\script"
2026-01-09T01:49:15.652616Z  INFO get_globs:scan_sources: tailwindcss_oxide::scanner: Discovering "D:\\VS Code\\Peixeiro Raiz\\server"
2026-01-09T01:49:15.652729Z  INFO get_globs:scan_sources: tailwindcss_oxide::scanner: Discovering "D:\\VS Code\\Peixeiro Raiz\\server\\lib"
2026-01-09T01:49:15.652850Z  INFO get_globs:scan_sources: tailwindcss_oxide::scanner: Discovering "D:\\VS Code\\Peixeiro Raiz\\server\\middleware"
2026-01-09T01:49:15.652990Z  INFO get_globs:scan_sources: tailwindcss_oxide::scanner: Discovering "D:\\VS Code\\Peixeiro Raiz\\server\\repositories"
2026-01-09T01:49:15.653198Z  INFO get_globs:scan_sources: tailwindcss_oxide::scanner: Discovering "D:\\VS Code\\Peixeiro Raiz\\shared"
2026-01-09T01:49:15.653362Z  INFO get_globs:scan_sources: tailwindcss_oxide::scanner: Discovering "D:\\VS Code\\Peixeiro Raiz\\supabase"
2026-01-09T01:49:15.653452Z  INFO get_globs:scan_sources: tailwindcss_oxide::scanner: Discovering "D:\\VS Code\\Peixeiro Raiz\\supabase\\functions"
2026-01-09T01:49:15.653542Z  INFO get_globs:scan_sources: tailwindcss_oxide::scanner: Discovering "D:\\VS Code\\Peixeiro Raiz\\supabase\\functions\\calculate"
2026-01-09T01:49:15.653685Z  INFO get_globs:scan_sources: tailwindcss_oxide::scanner: Discovering "D:\\VS Code\\Peixeiro Raiz\\supabase\\functions\\_shared"
2026-01-09T01:49:15.653918Z  INFO get_globs:scan_sources: tailwindcss_oxide::scanner: exit
2026-01-09T01:49:15.662763Z  INFO get_globs: tailwindcss_oxide::scanner: exit
